This is pdfTeX, Version 3.141592653-2.6-1.40.25 (TeX Live 2023) (preloaded format=pdflatex 2024.2.26)  13 JAN 2025 22:46
entering extended mode
 restricted \write18 enabled.
 %&-line parsing enabled.
**Report.tex
(./Report.tex
LaTeX2e <2022-11-01> patch level 1
L3 programming layer <2023-02-22> (/usr/local/texlive/2023/texmf-dist/tex/latex
/base/article.cls
Document Class: article 2022/07/02 v1.4n Standard LaTeX document class
(/usr/local/texlive/2023/texmf-dist/tex/latex/base/size10.clo
File: size10.clo 2022/07/02 v1.4n Standard LaTeX file (size option)
)
\c@part=\count185
\c@section=\count186
\c@subsection=\count187
\c@subsubsection=\count188
\c@paragraph=\count189
\c@subparagraph=\count190
\c@figure=\count191
\c@table=\count192
\abovecaptionskip=\skip48
\belowcaptionskip=\skip49
\bibindent=\dimen140
) (/usr/local/texlive/2023/texmf-dist/tex/latex/amsmath/amsmath.sty
Package: amsmath 2022/04/08 v2.17n AMS math features
\@mathmargin=\skip50
For additional information on amsmath, use the `?' option.
(/usr/local/texlive/2023/texmf-dist/tex/latex/amsmath/amstext.sty
Package: amstext 2021/08/26 v2.01 AMS text
(/usr/local/texlive/2023/texmf-dist/tex/latex/amsmath/amsgen.sty
File: amsgen.sty 1999/11/30 v2.0 generic functions
\@emptytoks=\toks16
\ex@=\dimen141
)) (/usr/local/texlive/2023/texmf-dist/tex/latex/amsmath/amsbsy.sty
Package: amsbsy 1999/11/29 v1.2d Bold Symbols
\pmbraise@=\dimen142
) (/usr/local/texlive/2023/texmf-dist/tex/latex/amsmath/amsopn.sty
Package: amsopn 2022/04/08 v2.04 operator names
)
\inf@bad=\count193
LaTeX Info: Redefining \frac on input line 234.
\uproot@=\count194
\leftroot@=\count195
LaTeX Info: Redefining \overline on input line 399.
LaTeX Info: Redefining \colon on input line 410.
\classnum@=\count196
\DOTSCASE@=\count197
LaTeX Info: Redefining \ldots on input line 496.
LaTeX Info: Redefining \dots on input line 499.
LaTeX Info: Redefining \cdots on input line 620.
\Mathstrutbox@=\box51
\strutbox@=\box52
LaTeX Info: Redefining \big on input line 722.
LaTeX Info: Redefining \Big on input line 723.
LaTeX Info: Redefining \bigg on input line 724.
LaTeX Info: Redefining \Bigg on input line 725.
\big@size=\dimen143
LaTeX Font Info:    Redeclaring font encoding OML on input line 743.
LaTeX Font Info:    Redeclaring font encoding OMS on input line 744.
\macc@depth=\count198
LaTeX Info: Redefining \bmod on input line 905.
LaTeX Info: Redefining \pmod on input line 910.
LaTeX Info: Redefining \smash on input line 940.
LaTeX Info: Redefining \relbar on input line 970.
LaTeX Info: Redefining \Relbar on input line 971.
\c@MaxMatrixCols=\count199
\dotsspace@=\muskip16
\c@parentequation=\count266
\dspbrk@lvl=\count267
\tag@help=\toks17
\row@=\count268
\column@=\count269
\maxfields@=\count270
\andhelp@=\toks18
\eqnshift@=\dimen144
\alignsep@=\dimen145
\tagshift@=\dimen146
\tagwidth@=\dimen147
\totwidth@=\dimen148
\lineht@=\dimen149
\@envbody=\toks19
\multlinegap=\skip51
\multlinetaggap=\skip52
\mathdisplay@stack=\toks20
LaTeX Info: Redefining \[ on input line 2953.
LaTeX Info: Redefining \] on input line 2954.
) (/usr/local/texlive/2023/texmf-dist/tex/latex/amsfonts/amssymb.sty
Package: amssymb 2013/01/14 v3.01 AMS font symbols
(/usr/local/texlive/2023/texmf-dist/tex/latex/amsfonts/amsfonts.sty
Package: amsfonts 2013/01/14 v3.01 Basic AMSFonts support
\symAMSa=\mathgroup4
\symAMSb=\mathgroup5
LaTeX Font Info:    Redeclaring math symbol \hbar on input line 98.
LaTeX Font Info:    Overwriting math alphabet `\mathfrak' in version `bold'
(Font)                  U/euf/m/n --> U/euf/b/n on input line 106.
)) (/usr/local/texlive/2023/texmf-dist/tex/generic/iftex/iftex.sty
Package: iftex 2022/02/03 v1.0f TeX engine tests
) (/usr/local/texlive/2023/texmf-dist/tex/latex/base/fontenc.sty
Package: fontenc 2021/04/29 v2.0v Standard LaTeX package
) (/usr/local/texlive/2023/texmf-dist/tex/latex/base/inputenc.sty
Package: inputenc 2021/02/14 v1.3d Input encoding file
\inpenc@prehook=\toks21
\inpenc@posthook=\toks22
) (/usr/local/texlive/2023/texmf-dist/tex/latex/base/textcomp.sty
Package: textcomp 2020/02/02 v2.0n Standard LaTeX package
) (/usr/local/texlive/2023/texmf-dist/tex/latex/lm/lmodern.sty
Package: lmodern 2015/05/01 v1.6.1 Latin Modern Fonts
LaTeX Font Info:    Overwriting symbol font `operators' in version `normal'
(Font)                  OT1/cmr/m/n --> OT1/lmr/m/n on input line 22.
LaTeX Font Info:    Overwriting symbol font `letters' in version `normal'
(Font)                  OML/cmm/m/it --> OML/lmm/m/it on input line 23.
LaTeX Font Info:    Overwriting symbol font `symbols' in version `normal'
(Font)                  OMS/cmsy/m/n --> OMS/lmsy/m/n on input line 24.
LaTeX Font Info:    Overwriting symbol font `largesymbols' in version `normal'
(Font)                  OMX/cmex/m/n --> OMX/lmex/m/n on input line 25.
LaTeX Font Info:    Overwriting symbol font `operators' in version `bold'
(Font)                  OT1/cmr/bx/n --> OT1/lmr/bx/n on input line 26.
LaTeX Font Info:    Overwriting symbol font `letters' in version `bold'
(Font)                  OML/cmm/b/it --> OML/lmm/b/it on input line 27.
LaTeX Font Info:    Overwriting symbol font `symbols' in version `bold'
(Font)                  OMS/cmsy/b/n --> OMS/lmsy/b/n on input line 28.
LaTeX Font Info:    Overwriting symbol font `largesymbols' in version `bold'
(Font)                  OMX/cmex/m/n --> OMX/lmex/m/n on input line 29.
LaTeX Font Info:    Overwriting math alphabet `\mathbf' in version `normal'
(Font)                  OT1/cmr/bx/n --> OT1/lmr/bx/n on input line 31.
LaTeX Font Info:    Overwriting math alphabet `\mathsf' in version `normal'
(Font)                  OT1/cmss/m/n --> OT1/lmss/m/n on input line 32.
LaTeX Font Info:    Overwriting math alphabet `\mathit' in version `normal'
(Font)                  OT1/cmr/m/it --> OT1/lmr/m/it on input line 33.
LaTeX Font Info:    Overwriting math alphabet `\mathtt' in version `normal'
(Font)                  OT1/cmtt/m/n --> OT1/lmtt/m/n on input line 34.
LaTeX Font Info:    Overwriting math alphabet `\mathbf' in version `bold'
(Font)                  OT1/cmr/bx/n --> OT1/lmr/bx/n on input line 35.
LaTeX Font Info:    Overwriting math alphabet `\mathsf' in version `bold'
(Font)                  OT1/cmss/bx/n --> OT1/lmss/bx/n on input line 36.
LaTeX Font Info:    Overwriting math alphabet `\mathit' in version `bold'
(Font)                  OT1/cmr/bx/it --> OT1/lmr/bx/it on input line 37.
LaTeX Font Info:    Overwriting math alphabet `\mathtt' in version `bold'
(Font)                  OT1/cmtt/m/n --> OT1/lmtt/m/n on input line 38.
) (/usr/local/texlive/2023/texmf-dist/tex/latex/upquote/upquote.sty
Package: upquote 2012/04/19 v1.3 upright-quote and grave-accent glyphs in verba
tim
) (/usr/local/texlive/2023/texmf-dist/tex/latex/microtype/microtype.sty
Package: microtype 2023/03/13 v3.1a Micro-typographical refinements (RS)
(/usr/local/texlive/2023/texmf-dist/tex/latex/graphics/keyval.sty
Package: keyval 2022/05/29 v1.15 key=value parser (DPC)
\KV@toks@=\toks23
) (/usr/local/texlive/2023/texmf-dist/tex/latex/etoolbox/etoolbox.sty
Package: etoolbox 2020/10/05 v2.5k e-TeX tools for LaTeX (JAW)
\etb@tempcnta=\count271
)
\MT@toks=\toks24
\MT@tempbox=\box53
\MT@count=\count272
LaTeX Info: Redefining \noprotrusionifhmode on input line 1059.
LaTeX Info: Redefining \leftprotrusion on input line 1060.
\MT@prot@toks=\toks25
LaTeX Info: Redefining \rightprotrusion on input line 1078.
LaTeX Info: Redefining \textls on input line 1368.
\MT@outer@kern=\dimen150
LaTeX Info: Redefining \textmicrotypecontext on input line 1988.
\MT@listname@count=\count273
(/usr/local/texlive/2023/texmf-dist/tex/latex/microtype/microtype-pdftex.def
File: microtype-pdftex.def 2023/03/13 v3.1a Definitions specific to pdftex (RS)

LaTeX Info: Redefining \lsstyle on input line 902.
LaTeX Info: Redefining \lslig on input line 902.
\MT@outer@space=\skip53
)
Package microtype Info: Loading configuration file microtype.cfg.
(/usr/local/texlive/2023/texmf-dist/tex/latex/microtype/microtype.cfg
File: microtype.cfg 2023/03/13 v3.1a microtype main configuration file (RS)
)) (/usr/local/texlive/2023/texmf-dist/tex/latex/parskip/parskip.sty
Package: parskip 2021-03-14 v2.0h non-zero parskip adjustments
(/usr/local/texlive/2023/texmf-dist/tex/latex/kvoptions/kvoptions.sty
Package: kvoptions 2022-06-15 v3.15 Key value format for package options (HO)
(/usr/local/texlive/2023/texmf-dist/tex/generic/ltxcmds/ltxcmds.sty
Package: ltxcmds 2020-05-10 v1.25 LaTeX kernel commands for general use (HO)
) (/usr/local/texlive/2023/texmf-dist/tex/latex/kvsetkeys/kvsetkeys.sty
Package: kvsetkeys 2022-10-05 v1.19 Key value parser (HO)
))) (/usr/local/texlive/2023/texmf-dist/tex/latex/xcolor/xcolor.sty
Package: xcolor 2022/06/12 v2.14 LaTeX color extensions (UK)
(/usr/local/texlive/2023/texmf-dist/tex/latex/graphics-cfg/color.cfg
File: color.cfg 2016/01/02 v1.6 sample color configuration
)
Package xcolor Info: Driver file: pdftex.def on input line 227.
(/usr/local/texlive/2023/texmf-dist/tex/latex/graphics-def/pdftex.def
File: pdftex.def 2022/09/22 v1.2b Graphics/color driver for pdftex
) (/usr/local/texlive/2023/texmf-dist/tex/latex/graphics/mathcolor.ltx)
Package xcolor Info: Model `cmy' substituted by `cmy0' on input line 1353.
Package xcolor Info: Model `hsb' substituted by `rgb' on input line 1357.
Package xcolor Info: Model `RGB' extended on input line 1369.
Package xcolor Info: Model `HTML' substituted by `rgb' on input line 1371.
Package xcolor Info: Model `Hsb' substituted by `hsb' on input line 1372.
Package xcolor Info: Model `tHsb' substituted by `hsb' on input line 1373.
Package xcolor Info: Model `HSB' substituted by `hsb' on input line 1374.
Package xcolor Info: Model `Gray' substituted by `gray' on input line 1375.
Package xcolor Info: Model `wave' substituted by `hsb' on input line 1376.
) (/usr/local/texlive/2023/texmf-dist/tex/latex/geometry/geometry.sty
Package: geometry 2020/01/02 v5.9 Page Geometry
(/usr/local/texlive/2023/texmf-dist/tex/generic/iftex/ifvtex.sty
Package: ifvtex 2019/10/25 v1.7 ifvtex legacy package. Use iftex instead.
)
\Gm@cnth=\count274
\Gm@cntv=\count275
\c@Gm@tempcnt=\count276
\Gm@bindingoffset=\dimen151
\Gm@wd@mp=\dimen152
\Gm@odd@mp=\dimen153
\Gm@even@mp=\dimen154
\Gm@layoutwidth=\dimen155
\Gm@layoutheight=\dimen156
\Gm@layouthoffset=\dimen157
\Gm@layoutvoffset=\dimen158
\Gm@dimlist=\toks26
) (/usr/local/texlive/2023/texmf-dist/tex/latex/graphics/graphicx.sty
Package: graphicx 2021/09/16 v1.2d Enhanced LaTeX Graphics (DPC,SPQR)
(/usr/local/texlive/2023/texmf-dist/tex/latex/graphics/graphics.sty
Package: graphics 2022/03/10 v1.4e Standard LaTeX Graphics (DPC,SPQR)
(/usr/local/texlive/2023/texmf-dist/tex/latex/graphics/trig.sty
Package: trig 2021/08/11 v1.11 sin cos tan (DPC)
) (/usr/local/texlive/2023/texmf-dist/tex/latex/graphics-cfg/graphics.cfg
File: graphics.cfg 2016/06/04 v1.11 sample graphics configuration
)
Package graphics Info: Driver file: pdftex.def on input line 107.
)
\Gin@req@height=\dimen159
\Gin@req@width=\dimen160
) (/usr/local/texlive/2023/texmf-dist/tex/latex/titling/titling.sty
Package: titling 2009/09/04 v2.1d maketitle typesetting
\thanksmarkwidth=\skip54
\thanksmargin=\skip55
\droptitle=\skip56
) (/usr/local/texlive/2023/texmf-dist/tex/latex/fancyhdr/fancyhdr.sty
Package: fancyhdr 2022/11/09 v4.1 Extensive control of page headers and footers

\f@nch@headwidth=\skip57
\f@nch@O@elh=\skip58
\f@nch@O@erh=\skip59
\f@nch@O@olh=\skip60
\f@nch@O@orh=\skip61
\f@nch@O@elf=\skip62
\f@nch@O@erf=\skip63
\f@nch@O@olf=\skip64
\f@nch@O@orf=\skip65
) (/usr/local/texlive/2023/texmf-dist/tex/latex/booktabs/booktabs.sty
Package: booktabs 2020/01/12 v1.61803398 Publication quality tables
\heavyrulewidth=\dimen161
\lightrulewidth=\dimen162
\cmidrulewidth=\dimen163
\belowrulesep=\dimen164
\belowbottomsep=\dimen165
\aboverulesep=\dimen166
\abovetopsep=\dimen167
\cmidrulesep=\dimen168
\cmidrulekern=\dimen169
\defaultaddspace=\dimen170
\@cmidla=\count277
\@cmidlb=\count278
\@aboverulesep=\dimen171
\@belowrulesep=\dimen172
\@thisruleclass=\count279
\@lastruleclass=\count280
\@thisrulewidth=\dimen173
) (/usr/local/texlive/2023/texmf-dist/tex/latex/tools/longtable.sty
Package: longtable 2021-09-01 v4.17 Multi-page Table package (DPC)
\LTleft=\skip66
\LTright=\skip67
\LTpre=\skip68
\LTpost=\skip69
\LTchunksize=\count281
\LTcapwidth=\dimen174
\LT@head=\box54
\LT@firsthead=\box55
\LT@foot=\box56
\LT@lastfoot=\box57
\LT@gbox=\box58
\LT@cols=\count282
\LT@rows=\count283
\c@LT@tables=\count284
\c@LT@chunks=\count285
\LT@p@ftn=\toks27
) (/usr/local/texlive/2023/texmf-dist/tex/latex/tools/array.sty
Package: array 2022/09/04 v2.5g Tabular extension package (FMi)
\col@sep=\dimen175
\ar@mcellbox=\box59
\extrarowheight=\dimen176
\NC@list=\toks28
\extratabsurround=\skip70
\backup@length=\skip71
\ar@cellbox=\box60
) (/usr/local/texlive/2023/texmf-dist/tex/latex/multirow/multirow.sty
Package: multirow 2021/03/15 v2.8 Span multiple rows of a table
\multirow@colwidth=\skip72
\multirow@cntb=\count286
\multirow@dima=\skip73
\bigstrutjot=\dimen177
) (/usr/local/texlive/2023/texmf-dist/tex/latex/wrapfig/wrapfig.sty
\wrapoverhang=\dimen178
\WF@size=\dimen179
\c@WF@wrappedlines=\count287
\WF@box=\box61
\WF@everypar=\toks29
Package: wrapfig 2003/01/31  v 3.6
) (/usr/local/texlive/2023/texmf-dist/tex/latex/float/float.sty
Package: float 2001/11/08 v1.3d Float enhancements (AL)
\c@float@type=\count288
\float@exts=\toks30
\float@box=\box62
\@float@everytoks=\toks31
\@floatcapt=\box63
) (/usr/local/texlive/2023/texmf-dist/tex/latex/colortbl/colortbl.sty
Package: colortbl 2022/06/20 v1.0f Color table columns (DPC)
\everycr=\toks32
\minrowclearance=\skip74
\rownum=\count289
) (/usr/local/texlive/2023/texmf-dist/tex/latex/pdflscape/pdflscape.sty
Package: pdflscape 2022-10-27 v0.13 Display of landscape pages in PDF

(/usr/local/texlive/2023/texmf-dist/tex/latex/pdflscape/pdflscape-nometadata.st
y
Package: pdflscape-nometadata 2022-10-28 v0.13 Display of landscape pages in PD
F (HO)
(/usr/local/texlive/2023/texmf-dist/tex/latex/graphics/lscape.sty
Package: lscape 2020/05/28 v3.02 Landscape Pages (DPC)
)
Package pdflscape Info: Auto-detected driver: pdftex on input line 81.
)) (/usr/local/texlive/2023/texmf-dist/tex/latex/tabu/tabu.sty
Package: tabu 2019/01/11 v2.9 - flexible LaTeX tabulars (FC+tabu-fixed)
(/usr/local/texlive/2023/texmf-dist/tex/latex/varwidth/varwidth.sty
Package: varwidth 2009/03/30 ver 0.92;  Variable-width minipages
\@vwid@box=\box64
\sift@deathcycles=\count290
\@vwid@loff=\dimen180
\@vwid@roff=\dimen181
)
\c@taburow=\count291
\tabu@nbcols=\count292
\tabu@cnt=\count293
\tabu@Xcol=\count294
\tabu@alloc=\count295
\tabu@nested=\count296
\tabu@target=\dimen182
\tabu@spreadtarget=\dimen183
\tabu@naturalX=\dimen184
\tabucolX=\dimen185
\tabu@Xsum=\dimen186
\extrarowdepth=\dimen187
\abovetabulinesep=\dimen188
\belowtabulinesep=\dimen189
\tabustrutrule=\dimen190
\tabu@thebody=\toks33
\tabu@footnotes=\toks34
\tabu@box=\box65
\tabu@arstrutbox=\box66
\tabu@hleads=\box67
\tabu@vleads=\box68
\tabu@cellskip=\skip75
)
(/usr/local/texlive/2023/texmf-dist/tex/latex/threeparttable/threeparttable.sty
Package: threeparttable 2003/06/13  v 3.0
\@tempboxb=\box69
)
(/usr/local/texlive/2023/texmf-dist/tex/latex/threeparttablex/threeparttablex.s
ty
Package: threeparttablex 2013/07/23 v0.3 by daleif
(/usr/local/texlive/2023/texmf-dist/tex/latex/environ/environ.sty
Package: environ 2014/05/04 v0.3 A new way to define environments
(/usr/local/texlive/2023/texmf-dist/tex/latex/trimspaces/trimspaces.sty
Package: trimspaces 2009/09/17 v1.1 Trim spaces around a token list
))
\TPTL@width=\skip76
) (/usr/local/texlive/2023/texmf-dist/tex/generic/ulem/ulem.sty
\UL@box=\box70
\UL@hyphenbox=\box71
\UL@skip=\skip77
\UL@hook=\toks35
\UL@height=\dimen191
\UL@pe=\count297
\UL@pixel=\dimen192
\ULC@box=\box72
Package: ulem 2019/11/18
\ULdepth=\dimen193
) (/usr/local/texlive/2023/texmf-dist/tex/latex/makecell/makecell.sty
Package: makecell 2009/08/03 V0.1e Managing of Tab Column Heads and Cells
\rotheadsize=\dimen194
\c@nlinenum=\count298
\TeXr@lab=\toks36
) (/usr/local/texlive/2023/texmf-dist/tex/latex/bookmark/bookmark.sty
Package: bookmark 2020-11-06 v1.29 PDF bookmarks (HO)
(/usr/local/texlive/2023/texmf-dist/tex/latex/hyperref/hyperref.sty
Package: hyperref 2023-02-07 v7.00v Hypertext links for LaTeX
(/usr/local/texlive/2023/texmf-dist/tex/generic/pdftexcmds/pdftexcmds.sty
Package: pdftexcmds 2020-06-27 v0.33 Utility functions of pdfTeX for LuaTeX (HO
)
(/usr/local/texlive/2023/texmf-dist/tex/generic/infwarerr/infwarerr.sty
Package: infwarerr 2019/12/03 v1.5 Providing info/warning/error messages (HO)
)
Package pdftexcmds Info: \pdf@primitive is available.
Package pdftexcmds Info: \pdf@ifprimitive is available.
Package pdftexcmds Info: \pdfdraftmode found.
) (/usr/local/texlive/2023/texmf-dist/tex/generic/kvdefinekeys/kvdefinekeys.sty
Package: kvdefinekeys 2019-12-19 v1.6 Define keys (HO)
) (/usr/local/texlive/2023/texmf-dist/tex/generic/pdfescape/pdfescape.sty
Package: pdfescape 2019/12/09 v1.15 Implements pdfTeX's escape features (HO)
) (/usr/local/texlive/2023/texmf-dist/tex/latex/hycolor/hycolor.sty
Package: hycolor 2020-01-27 v1.10 Color options for hyperref/bookmark (HO)
) (/usr/local/texlive/2023/texmf-dist/tex/latex/letltxmacro/letltxmacro.sty
Package: letltxmacro 2019/12/03 v1.6 Let assignment for LaTeX macros (HO)
) (/usr/local/texlive/2023/texmf-dist/tex/latex/auxhook/auxhook.sty
Package: auxhook 2019-12-17 v1.6 Hooks for auxiliary files (HO)
) (/usr/local/texlive/2023/texmf-dist/tex/latex/hyperref/nameref.sty
Package: nameref 2022-05-17 v2.50 Cross-referencing by name of section
(/usr/local/texlive/2023/texmf-dist/tex/latex/refcount/refcount.sty
Package: refcount 2019/12/15 v3.6 Data extraction from label references (HO)
)
(/usr/local/texlive/2023/texmf-dist/tex/generic/gettitlestring/gettitlestring.s
ty
Package: gettitlestring 2019/12/15 v1.6 Cleanup title references (HO)
)
\c@section@level=\count299
)
\@linkdim=\dimen195
\Hy@linkcounter=\count300
\Hy@pagecounter=\count301
(/usr/local/texlive/2023/texmf-dist/tex/latex/hyperref/pd1enc.def
File: pd1enc.def 2023-02-07 v7.00v Hyperref: PDFDocEncoding definition (HO)
Now handling font encoding PD1 ...
... no UTF-8 mapping file for font encoding PD1
) (/usr/local/texlive/2023/texmf-dist/tex/generic/intcalc/intcalc.sty
Package: intcalc 2019/12/15 v1.3 Expandable calculations with integers (HO)
) (/usr/local/texlive/2023/texmf-dist/tex/generic/etexcmds/etexcmds.sty
Package: etexcmds 2019/12/15 v1.7 Avoid name clashes with e-TeX commands (HO)
)
\Hy@SavedSpaceFactor=\count302
(/usr/local/texlive/2023/texmf-dist/tex/latex/hyperref/puenc.def
File: puenc.def 2023-02-07 v7.00v Hyperref: PDF Unicode definition (HO)
Now handling font encoding PU ...
... no UTF-8 mapping file for font encoding PU
)
Package hyperref Info: Option `unicode' set `true' on input line 4060.
Package hyperref Info: Hyper figures OFF on input line 4177.
Package hyperref Info: Link nesting OFF on input line 4182.
Package hyperref Info: Hyper index ON on input line 4185.
Package hyperref Info: Plain pages OFF on input line 4192.
Package hyperref Info: Backreferencing OFF on input line 4197.
Package hyperref Info: Implicit mode ON; LaTeX internals redefined.
Package hyperref Info: Bookmarks ON on input line 4425.
\c@Hy@tempcnt=\count303
(/usr/local/texlive/2023/texmf-dist/tex/latex/url/url.sty
\Urlmuskip=\muskip17
Package: url 2013/09/16  ver 3.4  Verb mode for urls, etc.
)
LaTeX Info: Redefining \url on input line 4763.
\XeTeXLinkMargin=\dimen196
(/usr/local/texlive/2023/texmf-dist/tex/generic/bitset/bitset.sty
Package: bitset 2019/12/09 v1.3 Handle bit-vector datatype (HO)
(/usr/local/texlive/2023/texmf-dist/tex/generic/bigintcalc/bigintcalc.sty
Package: bigintcalc 2019/12/15 v1.5 Expandable calculations on big integers (HO
)
))
\Fld@menulength=\count304
\Field@Width=\dimen197
\Fld@charsize=\dimen198
Package hyperref Info: Hyper figures OFF on input line 6042.
Package hyperref Info: Link nesting OFF on input line 6047.
Package hyperref Info: Hyper index ON on input line 6050.
Package hyperref Info: backreferencing OFF on input line 6057.
Package hyperref Info: Link coloring OFF on input line 6062.
Package hyperref Info: Link coloring with OCG OFF on input line 6067.
Package hyperref Info: PDF/A mode OFF on input line 6072.
(/usr/local/texlive/2023/texmf-dist/tex/latex/base/atbegshi-ltx.sty
Package: atbegshi-ltx 2021/01/10 v1.0c Emulation of the original atbegshi
package with kernel methods
)
\Hy@abspage=\count305
\c@Item=\count306
\c@Hfootnote=\count307
)
Package hyperref Info: Driver (autodetected): hpdftex.
(/usr/local/texlive/2023/texmf-dist/tex/latex/hyperref/hpdftex.def
File: hpdftex.def 2023-02-07 v7.00v Hyperref driver for pdfTeX
(/usr/local/texlive/2023/texmf-dist/tex/latex/base/atveryend-ltx.sty
Package: atveryend-ltx 2020/08/19 v1.0a Emulation of the original atveryend pac
kage
with kernel methods
)
\Fld@listcount=\count308
\c@bookmark@seq@number=\count309

(/usr/local/texlive/2023/texmf-dist/tex/latex/rerunfilecheck/rerunfilecheck.sty
Package: rerunfilecheck 2022-07-10 v1.10 Rerun checks for auxiliary files (HO)

(/usr/local/texlive/2023/texmf-dist/tex/generic/uniquecounter/uniquecounter.sty
Package: uniquecounter 2019/12/15 v1.4 Provide unlimited unique counter (HO)
)
Package uniquecounter Info: New unique counter `rerunfilecheck' on input line 2
85.
)
\Hy@SectionHShift=\skip78
) (/usr/local/texlive/2023/texmf-dist/tex/latex/bookmark/bkm-pdftex.def
File: bkm-pdftex.def 2020-11-06 v1.29 bookmark driver for pdfTeX (HO)
\BKM@id=\count310
)) (/usr/local/texlive/2023/texmf-dist/tex/latex/xurl/xurl.sty
Package: xurl 2022/01/09 v 0.10 modify URL breaks
)
LaTeX Font Info:    Trying to load font information for T1+lmr on input line 11
1.
(/usr/local/texlive/2023/texmf-dist/tex/latex/lm/t1lmr.fd
File: t1lmr.fd 2015/05/01 v1.6.1 Font defs for Latin Modern
) (/usr/local/texlive/2023/texmf-dist/tex/latex/l3backend/l3backend-pdftex.def
File: l3backend-pdftex.def 2023-01-16 L3 backend support: PDF output (pdfTeX)
\l__color_backend_stack_int=\count311
\l__pdf_internal_box=\box73
) (./Report.aux)
\openout1 = `Report.aux'.

LaTeX Font Info:    Checking defaults for OML/cmm/m/it on input line 111.
LaTeX Font Info:    ... okay on input line 111.
LaTeX Font Info:    Checking defaults for OMS/cmsy/m/n on input line 111.
LaTeX Font Info:    ... okay on input line 111.
LaTeX Font Info:    Checking defaults for OT1/cmr/m/n on input line 111.
LaTeX Font Info:    ... okay on input line 111.
LaTeX Font Info:    Checking defaults for T1/cmr/m/n on input line 111.
LaTeX Font Info:    ... okay on input line 111.
LaTeX Font Info:    Checking defaults for TS1/cmr/m/n on input line 111.
LaTeX Font Info:    ... okay on input line 111.
LaTeX Font Info:    Checking defaults for OMX/cmex/m/n on input line 111.
LaTeX Font Info:    ... okay on input line 111.
LaTeX Font Info:    Checking defaults for U/cmr/m/n on input line 111.
LaTeX Font Info:    ... okay on input line 111.
LaTeX Font Info:    Checking defaults for PD1/pdf/m/n on input line 111.
LaTeX Font Info:    ... okay on input line 111.
LaTeX Font Info:    Checking defaults for PU/pdf/m/n on input line 111.
LaTeX Font Info:    ... okay on input line 111.
LaTeX Info: Redefining \microtypecontext on input line 111.
Package microtype Info: Applying patch `item' on input line 111.
Package microtype Info: Applying patch `toc' on input line 111.
Package microtype Info: Applying patch `eqnum' on input line 111.
Package microtype Info: Applying patch `footnote' on input line 111.
Package microtype Info: Applying patch `verbatim' on input line 111.
Package microtype Info: Generating PDF output.
Package microtype Info: Character protrusion enabled (level 2).
Package microtype Info: Using protrusion set `basicmath'.
Package microtype Info: Automatic font expansion enabled (level 2),
(microtype)             stretch: 20, shrink: 20, step: 1, non-selected.
Package microtype Info: Using default expansion set `alltext-nott'.
LaTeX Info: Redefining \showhyphens on input line 111.
Package microtype Info: No adjustment of tracking.
Package microtype Info: No adjustment of interword spacing.
Package microtype Info: No adjustment of character kerning.
(/usr/local/texlive/2023/texmf-dist/tex/latex/microtype/mt-cmr.cfg
File: mt-cmr.cfg 2013/05/19 v2.2 microtype config. file: Computer Modern Roman 
(RS)
) (/usr/local/texlive/2023/texmf-dist/tex/context/base/mkii/supp-pdf.mkii
[Loading MPS to PDF converter (version 2006.09.02).]
\scratchcounter=\count312
\scratchdimen=\dimen199
\scratchbox=\box74
\nofMPsegments=\count313
\nofMParguments=\count314
\everyMPshowfont=\toks37
\MPscratchCnt=\count315
\MPscratchDim=\dimen256
\MPnumerator=\count316
\makeMPintoPDFobject=\count317
\everyMPtoPDFconversion=\toks38
) (/usr/local/texlive/2023/texmf-dist/tex/latex/epstopdf-pkg/epstopdf-base.sty
Package: epstopdf-base 2020-01-24 v2.11 Base part for package epstopdf
Package epstopdf-base Info: Redefining graphics rule for `.eps' on input line 4
85.
(/usr/local/texlive/2023/texmf-dist/tex/latex/latexconfig/epstopdf-sys.cfg
File: epstopdf-sys.cfg 2010/07/13 v1.3 Configuration of (r)epstopdf for TeX Liv
e
))
*geometry* driver: auto-detecting
*geometry* detected driver: pdftex
*geometry* verbose mode - [ preamble ] result:
* driver: pdftex
* paper: <default>
* layout: <same size as paper>
* layoutoffset:(h,v)=(0.0pt,0.0pt)
* modes: 
* h-part:(L,W,R)=(72.26999pt, 469.75502pt, 72.26999pt)
* v-part:(T,H,B)=(72.26999pt, 650.43001pt, 72.26999pt)
* \paperwidth=614.295pt
* \paperheight=794.96999pt
* \textwidth=469.75502pt
* \textheight=650.43001pt
* \oddsidemargin=0.0pt
* \evensidemargin=0.0pt
* \topmargin=-37.0pt
* \headheight=12.0pt
* \headsep=25.0pt
* \topskip=10.0pt
* \footskip=30.0pt
* \marginparwidth=65.0pt
* \marginparsep=11.0pt
* \columnsep=10.0pt
* \skip\footins=9.0pt plus 4.0pt minus 2.0pt
* \hoffset=0.0pt
* \voffset=0.0pt
* \mag=1000
* \@twocolumnfalse
* \@twosidefalse
* \@mparswitchfalse
* \@reversemarginfalse
* (1in=72.27pt=25.4mm, 1cm=28.453pt)

Package hyperref Info: Link coloring OFF on input line 111.
LaTeX Font Info:    Trying to load font information for OT1+lmr on input line 1
13.
(/usr/local/texlive/2023/texmf-dist/tex/latex/lm/ot1lmr.fd
File: ot1lmr.fd 2015/05/01 v1.6.1 Font defs for Latin Modern
)
LaTeX Font Info:    Trying to load font information for OML+lmm on input line 1
13.
(/usr/local/texlive/2023/texmf-dist/tex/latex/lm/omllmm.fd
File: omllmm.fd 2015/05/01 v1.6.1 Font defs for Latin Modern
)
LaTeX Font Info:    Trying to load font information for OMS+lmsy on input line 
113.
(/usr/local/texlive/2023/texmf-dist/tex/latex/lm/omslmsy.fd
File: omslmsy.fd 2015/05/01 v1.6.1 Font defs for Latin Modern
)
LaTeX Font Info:    Trying to load font information for OMX+lmex on input line 
113.
(/usr/local/texlive/2023/texmf-dist/tex/latex/lm/omxlmex.fd
File: omxlmex.fd 2015/05/01 v1.6.1 Font defs for Latin Modern
)
LaTeX Font Info:    External font `lmex10' loaded for size
(Font)              <10> on input line 113.
LaTeX Font Info:    External font `lmex10' loaded for size
(Font)              <7> on input line 113.
LaTeX Font Info:    External font `lmex10' loaded for size
(Font)              <5> on input line 113.
LaTeX Font Info:    Trying to load font information for U+msa on input line 113
.
(/usr/local/texlive/2023/texmf-dist/tex/latex/amsfonts/umsa.fd
File: umsa.fd 2013/01/14 v3.01 AMS symbols A
) (/usr/local/texlive/2023/texmf-dist/tex/latex/microtype/mt-msa.cfg
File: mt-msa.cfg 2006/02/04 v1.1 microtype config. file: AMS symbols (a) (RS)
)
LaTeX Font Info:    Trying to load font information for U+msb on input line 113
.
(/usr/local/texlive/2023/texmf-dist/tex/latex/amsfonts/umsb.fd
File: umsb.fd 2013/01/14 v3.01 AMS symbols B
) (/usr/local/texlive/2023/texmf-dist/tex/latex/microtype/mt-msb.cfg
File: mt-msb.cfg 2005/06/01 v1.0 microtype config. file: AMS symbols (b) (RS)
)
<www/example_type1.jpg, id=7, 3035.34pt x 4047.12pt>
File: www/example_type1.jpg Graphic file (type jpg)
<use www/example_type1.jpg>
Package pdftex.def Info: www/example_type1.jpg  used on input line 136.
(pdftex.def)             Requested size: 121.9487pt x 162.59828pt.
<www/example_type2.jpg, id=8, 3035.34pt x 4047.12pt>
File: www/example_type2.jpg Graphic file (type jpg)
<use www/example_type2.jpg>
Package pdftex.def Info: www/example_type2.jpg  used on input line 141.
(pdftex.def)             Requested size: 121.9487pt x 162.59828pt.
<www/example_type3.jpg, id=9, 3035.34pt x 4047.12pt>
File: www/example_type3.jpg Graphic file (type jpg)
<use www/example_type3.jpg>
Package pdftex.def Info: www/example_type3.jpg  used on input line 146.
(pdftex.def)             Requested size: 121.9487pt x 162.59828pt.
<Report_files/figure-latex/distribution table and pie chart-1.pdf, id=10, 379.4
175pt x 191.71625pt>
File: Report_files/figure-latex/distribution table and pie chart-1.pdf Graphic 
file (type pdf)
<use Report_files/figure-latex/distribution table and pie chart-1.pdf>
Package pdftex.def Info: Report_files/figure-latex/distribution table and pie c
hart-1.pdf  used on input line 150.
(pdftex.def)             Requested size: 379.42235pt x 191.71869pt.
LaTeX Font Info:    Trying to load font information for T1+lmtt on input line 1
56.
(/usr/local/texlive/2023/texmf-dist/tex/latex/lm/t1lmtt.fd
File: t1lmtt.fd 2015/05/01 v1.6.1 Font defs for Latin Modern
)
<SCEG_logo1.jpg, id=11, 2004.48875pt x 649.42625pt>
File: SCEG_logo1.jpg Graphic file (type jpg)
<use SCEG_logo1.jpg>
Package pdftex.def Info: SCEG_logo1.jpg  used on input line 158.
(pdftex.def)             Requested size: 113.81049pt x 36.873pt.

Package fancyhdr Warning: \headheight is too small (12.0pt): 
(fancyhdr)                Make it at least 40.47304pt, for example:
(fancyhdr)                \setlength{\headheight}{40.47304pt}.
(fancyhdr)                You might also make \topmargin smaller to compensate:

(fancyhdr)                \addtolength{\topmargin}{-28.47304pt}.

[1

{/usr/local/texlive/2023/texmf-var/fonts/map/pdftex/updmap/pdftex.map}{/usr/loc
al/texlive/2023/texmf-dist/fonts/enc/dvips/lm/lm-ec.enc}{/usr/local/texlive/202
3/texmf-dist/fonts/enc/dvips/lm/lm-rm.enc} <./SCEG_logo1.jpg> <./www/example_ty
pe1.jpg> <./www/example_type2.jpg> <./www/example_type3.jpg> <./Report_files/fi
gure-latex/distribution table and pie chart-1.pdf>]
<Overall_map.jpeg, id=31, 893.3375pt x 608.2725pt>
File: Overall_map.jpeg Graphic file (type jpg)
<use Overall_map.jpeg>
Package pdftex.def Info: Overall_map.jpeg  used on input line 159.
(pdftex.def)             Requested size: 469.75893pt x 319.85834pt.
File: SCEG_logo1.jpg Graphic file (type jpg)
<use SCEG_logo1.jpg>
Package pdftex.def Info: SCEG_logo1.jpg  used on input line 161.
(pdftex.def)             Requested size: 113.81049pt x 36.873pt.

Package fancyhdr Warning: \headheight is too small (12.0pt): 
(fancyhdr)                Make it at least 40.47304pt, for example:
(fancyhdr)                \setlength{\headheight}{40.47304pt}.
(fancyhdr)                You might also make \topmargin smaller to compensate:

(fancyhdr)                \addtolength{\topmargin}{-28.47304pt}.

[2 <./Overall_map.jpeg>]
<Type_1_map.jpeg, id=38, 1314.9125pt x 724.7075pt>
File: Type_1_map.jpeg Graphic file (type jpg)
<use Type_1_map.jpeg>
Package pdftex.def Info: Type_1_map.jpeg  used on input line 173.
(pdftex.def)             Requested size: 469.73657pt x 258.89297pt.
File: SCEG_logo1.jpg Graphic file (type jpg)
<use SCEG_logo1.jpg>
Package pdftex.def Info: SCEG_logo1.jpg  used on input line 175.
(pdftex.def)             Requested size: 113.81049pt x 36.873pt.

Package fancyhdr Warning: \headheight is too small (12.0pt): 
(fancyhdr)                Make it at least 40.47304pt, for example:
(fancyhdr)                \setlength{\headheight}{40.47304pt}.
(fancyhdr)                You might also make \topmargin smaller to compensate:

(fancyhdr)                \addtolength{\topmargin}{-28.47304pt}.

[3 <./Type_1_map.jpeg>]
<Report_files/figure-latex/unnamed-chunk-4-1.png, id=44, 513.92pt x 632.3625pt>

File: Report_files/figure-latex/unnamed-chunk-4-1.png Graphic file (type png)
<use Report_files/figure-latex/unnamed-chunk-4-1.png>
Package pdftex.def Info: Report_files/figure-latex/unnamed-chunk-4-1.png  used 
on input line 181.
(pdftex.def)             Requested size: 513.87952pt x 632.31271pt.

Overfull \hbox (51.2467pt too wide) in paragraph at lines 180--183
\T1/lmr/m/n/10 (-20) $ []
 []


Overfull \vbox (13.67426pt too high) has occurred while \output is active []

File: SCEG_logo1.jpg Graphic file (type jpg)
<use SCEG_logo1.jpg>
Package pdftex.def Info: SCEG_logo1.jpg  used on input line 184.
(pdftex.def)             Requested size: 113.81049pt x 36.873pt.

Package fancyhdr Warning: \headheight is too small (12.0pt): 
(fancyhdr)                Make it at least 40.47304pt, for example:
(fancyhdr)                \setlength{\headheight}{40.47304pt}.
(fancyhdr)                You might also make \topmargin smaller to compensate:

(fancyhdr)                \addtolength{\topmargin}{-28.47304pt}.

[4 <./Report_files/figure-latex/unnamed-chunk-4-1.png>]
<Report_files/figure-latex/unnamed-chunk-4-3.png, id=50, 513.92pt x 632.3625pt>

File: Report_files/figure-latex/unnamed-chunk-4-3.png Graphic file (type png)
<use Report_files/figure-latex/unnamed-chunk-4-3.png>
Package pdftex.def Info: Report_files/figure-latex/unnamed-chunk-4-3.png  used 
on input line 190.
(pdftex.def)             Requested size: 513.87952pt x 632.31271pt.

Overfull \hbox (51.2467pt too wide) in paragraph at lines 189--192
\T1/lmr/m/n/10 (-20) $ []
 []


Overfull \vbox (13.67426pt too high) has occurred while \output is active []

File: SCEG_logo1.jpg Graphic file (type jpg)
<use SCEG_logo1.jpg>
Package pdftex.def Info: SCEG_logo1.jpg  used on input line 193.
(pdftex.def)             Requested size: 113.81049pt x 36.873pt.

Package fancyhdr Warning: \headheight is too small (12.0pt): 
(fancyhdr)                Make it at least 40.47304pt, for example:
(fancyhdr)                \setlength{\headheight}{40.47304pt}.
(fancyhdr)                You might also make \topmargin smaller to compensate:

(fancyhdr)                \addtolength{\topmargin}{-28.47304pt}.

[5 <./Report_files/figure-latex/unnamed-chunk-4-3.png>]
<Report_files/figure-latex/unnamed-chunk-4-5.png, id=56, 513.92pt x 505.89pt>
File: Report_files/figure-latex/unnamed-chunk-4-5.png Graphic file (type png)
<use Report_files/figure-latex/unnamed-chunk-4-5.png>
Package pdftex.def Info: Report_files/figure-latex/unnamed-chunk-4-5.png  used 
on input line 199.
(pdftex.def)             Requested size: 513.87952pt x 505.85014pt.

Overfull \hbox (51.2467pt too wide) in paragraph at lines 198--201
\T1/lmr/m/n/10 (-20) $ []
 []

File: SCEG_logo1.jpg Graphic file (type jpg)
<use SCEG_logo1.jpg>
Package pdftex.def Info: SCEG_logo1.jpg  used on input line 202.
(pdftex.def)             Requested size: 113.81049pt x 36.873pt.

Package fancyhdr Warning: \headheight is too small (12.0pt): 
(fancyhdr)                Make it at least 40.47304pt, for example:
(fancyhdr)                \setlength{\headheight}{40.47304pt}.
(fancyhdr)                You might also make \topmargin smaller to compensate:

(fancyhdr)                \addtolength{\topmargin}{-28.47304pt}.

[6 <./Report_files/figure-latex/unnamed-chunk-4-5.png>]
<Type_2_map.jpeg, id=62, 1237.62375pt x 724.7075pt>
File: Type_2_map.jpeg Graphic file (type jpg)
<use Type_2_map.jpeg>
Package pdftex.def Info: Type_2_map.jpeg  used on input line 211.
(pdftex.def)             Requested size: 469.75426pt x 275.07103pt.
File: SCEG_logo1.jpg Graphic file (type jpg)
<use SCEG_logo1.jpg>
Package pdftex.def Info: SCEG_logo1.jpg  used on input line 213.
(pdftex.def)             Requested size: 113.81049pt x 36.873pt.

Package fancyhdr Warning: \headheight is too small (12.0pt): 
(fancyhdr)                Make it at least 40.47304pt, for example:
(fancyhdr)                \setlength{\headheight}{40.47304pt}.
(fancyhdr)                You might also make \topmargin smaller to compensate:

(fancyhdr)                \addtolength{\topmargin}{-28.47304pt}.

[7 <./Type_2_map.jpeg>]
<Report_files/figure-latex/unnamed-chunk-5-1.png, id=69, 513.92pt x 632.3625pt>

File: Report_files/figure-latex/unnamed-chunk-5-1.png Graphic file (type png)
<use Report_files/figure-latex/unnamed-chunk-5-1.png>
Package pdftex.def Info: Report_files/figure-latex/unnamed-chunk-5-1.png  used 
on input line 218.
(pdftex.def)             Requested size: 513.87952pt x 632.31271pt.

Overfull \hbox (44.1245pt too wide) in paragraph at lines 218--219
[] 
 []


Overfull \vbox (1.67426pt too high) has occurred while \output is active []

File: SCEG_logo1.jpg Graphic file (type jpg)
<use SCEG_logo1.jpg>
Package pdftex.def Info: SCEG_logo1.jpg  used on input line 220.
(pdftex.def)             Requested size: 113.81049pt x 36.873pt.

Package fancyhdr Warning: \headheight is too small (12.0pt): 
(fancyhdr)                Make it at least 40.47304pt, for example:
(fancyhdr)                \setlength{\headheight}{40.47304pt}.
(fancyhdr)                You might also make \topmargin smaller to compensate:

(fancyhdr)                \addtolength{\topmargin}{-28.47304pt}.

[8 <./Report_files/figure-latex/unnamed-chunk-5-1.png>]
<Report_files/figure-latex/unnamed-chunk-5-3.png, id=75, 513.92pt x 379.4175pt>

File: Report_files/figure-latex/unnamed-chunk-5-3.png Graphic file (type png)
<use Report_files/figure-latex/unnamed-chunk-5-3.png>
Package pdftex.def Info: Report_files/figure-latex/unnamed-chunk-5-3.png  used 
on input line 225.
(pdftex.def)             Requested size: 513.87952pt x 379.3876pt.

Overfull \hbox (44.1245pt too wide) in paragraph at lines 225--226
[] 
 []

File: SCEG_logo1.jpg Graphic file (type jpg)
<use SCEG_logo1.jpg>
Package pdftex.def Info: SCEG_logo1.jpg  used on input line 227.
(pdftex.def)             Requested size: 113.81049pt x 36.873pt.

Package fancyhdr Warning: \headheight is too small (12.0pt): 
(fancyhdr)                Make it at least 40.47304pt, for example:
(fancyhdr)                \setlength{\headheight}{40.47304pt}.
(fancyhdr)                You might also make \topmargin smaller to compensate:

(fancyhdr)                \addtolength{\topmargin}{-28.47304pt}.

[9 <./Report_files/figure-latex/unnamed-chunk-5-3.png>]
<Type_3_map.jpeg, id=81, 820.06375pt x 563.10374pt>
File: Type_3_map.jpeg Graphic file (type jpg)
<use Type_3_map.jpeg>
Package pdftex.def Info: Type_3_map.jpeg  used on input line 236.
(pdftex.def)             Requested size: 469.76865pt x 322.57063pt.
File: SCEG_logo1.jpg Graphic file (type jpg)
<use SCEG_logo1.jpg>
Package pdftex.def Info: SCEG_logo1.jpg  used on input line 238.
(pdftex.def)             Requested size: 113.81049pt x 36.873pt.

Package fancyhdr Warning: \headheight is too small (12.0pt): 
(fancyhdr)                Make it at least 40.47304pt, for example:
(fancyhdr)                \setlength{\headheight}{40.47304pt}.
(fancyhdr)                You might also make \topmargin smaller to compensate:

(fancyhdr)                \addtolength{\topmargin}{-28.47304pt}.

[10 <./Type_3_map.jpeg>]
<Report_files/figure-latex/unnamed-chunk-6-1.png, id=87, 513.92pt x 632.3625pt>

File: Report_files/figure-latex/unnamed-chunk-6-1.png Graphic file (type png)
<use Report_files/figure-latex/unnamed-chunk-6-1.png>
Package pdftex.def Info: Report_files/figure-latex/unnamed-chunk-6-1.png  used 
on input line 243.
(pdftex.def)             Requested size: 513.87952pt x 632.31271pt.

Overfull \hbox (44.1245pt too wide) in paragraph at lines 243--244
[] 
 []


Overfull \vbox (1.67426pt too high) has occurred while \output is active []

File: SCEG_logo1.jpg Graphic file (type jpg)
<use SCEG_logo1.jpg>
Package pdftex.def Info: SCEG_logo1.jpg  used on input line 245.
(pdftex.def)             Requested size: 113.81049pt x 36.873pt.

Package fancyhdr Warning: \headheight is too small (12.0pt): 
(fancyhdr)                Make it at least 40.47304pt, for example:
(fancyhdr)                \setlength{\headheight}{40.47304pt}.
(fancyhdr)                You might also make \topmargin smaller to compensate:

(fancyhdr)                \addtolength{\topmargin}{-28.47304pt}.

[11 <./Report_files/figure-latex/unnamed-chunk-6-1.png>]
<Report_files/figure-latex/unnamed-chunk-6-3.png, id=93, 513.92pt x 505.89pt>
File: Report_files/figure-latex/unnamed-chunk-6-3.png Graphic file (type png)
<use Report_files/figure-latex/unnamed-chunk-6-3.png>
Package pdftex.def Info: Report_files/figure-latex/unnamed-chunk-6-3.png  used 
on input line 250.
(pdftex.def)             Requested size: 513.87952pt x 505.85014pt.

Overfull \hbox (44.1245pt too wide) in paragraph at lines 250--251
[] 
 []

File: SCEG_logo1.jpg Graphic file (type jpg)
<use SCEG_logo1.jpg>
Package pdftex.def Info: SCEG_logo1.jpg  used on input line 252.
(pdftex.def)             Requested size: 113.81049pt x 36.873pt.

Package fancyhdr Warning: \headheight is too small (12.0pt): 
(fancyhdr)                Make it at least 40.47304pt, for example:
(fancyhdr)                \setlength{\headheight}{40.47304pt}.
(fancyhdr)                You might also make \topmargin smaller to compensate:

(fancyhdr)                \addtolength{\topmargin}{-28.47304pt}.

[12 <./Report_files/figure-latex/unnamed-chunk-6-3.png>]
<Type_other_map.jpeg, id=99, 833.1125pt x 597.23125pt>
File: Type_other_map.jpeg Graphic file (type jpg)
<use Type_other_map.jpeg>
Package pdftex.def Info: Type_other_map.jpeg  used on input line 260.
(pdftex.def)             Requested size: 469.75603pt x 336.7528pt.
File: SCEG_logo1.jpg Graphic file (type jpg)
<use SCEG_logo1.jpg>
Package pdftex.def Info: SCEG_logo1.jpg  used on input line 262.
(pdftex.def)             Requested size: 113.81049pt x 36.873pt.

Package fancyhdr Warning: \headheight is too small (12.0pt): 
(fancyhdr)                Make it at least 40.47304pt, for example:
(fancyhdr)                \setlength{\headheight}{40.47304pt}.
(fancyhdr)                You might also make \topmargin smaller to compensate:

(fancyhdr)                \addtolength{\topmargin}{-28.47304pt}.

[13 <./Type_other_map.jpeg>]
<Report_files/figure-latex/unnamed-chunk-7-1.png, id=106, 513.92pt x 632.3625pt
>
File: Report_files/figure-latex/unnamed-chunk-7-1.png Graphic file (type png)
<use Report_files/figure-latex/unnamed-chunk-7-1.png>
Package pdftex.def Info: Report_files/figure-latex/unnamed-chunk-7-1.png  used 
on input line 267.
(pdftex.def)             Requested size: 513.87952pt x 632.31271pt.

Overfull \hbox (44.1245pt too wide) in paragraph at lines 267--268
[] 
 []


Overfull \vbox (1.67426pt too high) has occurred while \output is active []

File: SCEG_logo1.jpg Graphic file (type jpg)
<use SCEG_logo1.jpg>
Package pdftex.def Info: SCEG_logo1.jpg  used on input line 269.
(pdftex.def)             Requested size: 113.81049pt x 36.873pt.

Package fancyhdr Warning: \headheight is too small (12.0pt): 
(fancyhdr)                Make it at least 40.47304pt, for example:
(fancyhdr)                \setlength{\headheight}{40.47304pt}.
(fancyhdr)                You might also make \topmargin smaller to compensate:

(fancyhdr)                \addtolength{\topmargin}{-28.47304pt}.

[14 <./Report_files/figure-latex/unnamed-chunk-7-1.png>]
<Report_files/figure-latex/unnamed-chunk-7-3.png, id=112, 513.92pt x 632.3625pt
>
File: Report_files/figure-latex/unnamed-chunk-7-3.png Graphic file (type png)
<use Report_files/figure-latex/unnamed-chunk-7-3.png>
Package pdftex.def Info: Report_files/figure-latex/unnamed-chunk-7-3.png  used 
on input line 274.
(pdftex.def)             Requested size: 513.87952pt x 632.31271pt.

Overfull \hbox (44.1245pt too wide) in paragraph at lines 274--275
[] 
 []


Overfull \vbox (1.67426pt too high) has occurred while \output is active []

File: SCEG_logo1.jpg Graphic file (type jpg)
<use SCEG_logo1.jpg>
Package pdftex.def Info: SCEG_logo1.jpg  used on input line 276.
(pdftex.def)             Requested size: 113.81049pt x 36.873pt.

Package fancyhdr Warning: \headheight is too small (12.0pt): 
(fancyhdr)                Make it at least 40.47304pt, for example:
(fancyhdr)                \setlength{\headheight}{40.47304pt}.
(fancyhdr)                You might also make \topmargin smaller to compensate:

(fancyhdr)                \addtolength{\topmargin}{-28.47304pt}.

[15 <./Report_files/figure-latex/unnamed-chunk-7-3.png>]
<Report_files/figure-latex/unnamed-chunk-7-5.png, id=118, 513.92pt x 632.3625pt
>
File: Report_files/figure-latex/unnamed-chunk-7-5.png Graphic file (type png)
<use Report_files/figure-latex/unnamed-chunk-7-5.png>
Package pdftex.def Info: Report_files/figure-latex/unnamed-chunk-7-5.png  used 
on input line 281.
(pdftex.def)             Requested size: 513.87952pt x 632.31271pt.

Overfull \hbox (44.1245pt too wide) in paragraph at lines 281--282
[] 
 []


Overfull \vbox (1.67426pt too high) has occurred while \output is active []

File: SCEG_logo1.jpg Graphic file (type jpg)
<use SCEG_logo1.jpg>
Package pdftex.def Info: SCEG_logo1.jpg  used on input line 283.
(pdftex.def)             Requested size: 113.81049pt x 36.873pt.

Package fancyhdr Warning: \headheight is too small (12.0pt): 
(fancyhdr)                Make it at least 40.47304pt, for example:
(fancyhdr)                \setlength{\headheight}{40.47304pt}.
(fancyhdr)                You might also make \topmargin smaller to compensate:

(fancyhdr)                \addtolength{\topmargin}{-28.47304pt}.

[16 <./Report_files/figure-latex/unnamed-chunk-7-5.png>]
<Report_files/figure-latex/unnamed-chunk-7-7.png, id=124, 513.92pt x 126.4725pt
>
File: Report_files/figure-latex/unnamed-chunk-7-7.png Graphic file (type png)
<use Report_files/figure-latex/unnamed-chunk-7-7.png>
Package pdftex.def Info: Report_files/figure-latex/unnamed-chunk-7-7.png  used 
on input line 288.
(pdftex.def)             Requested size: 513.87952pt x 126.46252pt.

Overfull \hbox (44.1245pt too wide) in paragraph at lines 288--289
[] 
 []

<Survey_Routes.jpeg, id=130, 622.325pt x 361.35pt>
File: Survey_Routes.jpeg Graphic file (type jpg)
<use Survey_Routes.jpeg>
Package pdftex.def Info: Survey_Routes.jpeg  used on input line 307.
(pdftex.def)             Requested size: 469.7623pt x 272.76521pt.
File: SCEG_logo1.jpg Graphic file (type jpg)
<use SCEG_logo1.jpg>
Package pdftex.def Info: SCEG_logo1.jpg  used on input line 312.
(pdftex.def)             Requested size: 113.81049pt x 36.873pt.

Package fancyhdr Warning: \headheight is too small (12.0pt): 
(fancyhdr)                Make it at least 40.47304pt, for example:
(fancyhdr)                \setlength{\headheight}{40.47304pt}.
(fancyhdr)                You might also make \topmargin smaller to compensate:

(fancyhdr)                \addtolength{\topmargin}{-28.47304pt}.

[17 <./Report_files/figure-latex/unnamed-chunk-7-7.png> <./Survey_Routes.jpeg>]

Overfull \hbox (54.07391pt too wide) in alignment at lines 321--325
 [] [] [] [] 
 []


Overfull \hbox (54.07391pt too wide) in alignment at lines 325--330
 [] [] [] [] 
 []


Overfull \hbox (54.07391pt too wide) in alignment at lines 330--332
 [] [] [] [] 
 []


Overfull \hbox (54.07391pt too wide) in alignment at lines 332--334
 [] [] [] [] 
 []


Overfull \hbox (157.81679pt too wide) in paragraph at lines 335--336
[]|\T1/lmr/m/n/10 (-20) [link](https://photos.google.com/photo/AF1QipPOBgb4Xx6H
SNaeBWhxqaTmTKC1DAuC7v0wjerM)|  
 []


Overfull \hbox (125.65724pt too wide) in paragraph at lines 336--337
[]|\T1/lmr/m/n/10 (-20) [link](https://photos.google.com/photo/AF1QipMx32rs3_Dc
CeIru2SYIa1fLhcwUwthZCiqJiv7)|  
 []


Overfull \hbox (149.22807pt too wide) in paragraph at lines 337--338
[]|\T1/lmr/m/n/10 (-20) [link](https://photos.google.com/photo/AF1QipPY7SWoWZg8
5osIz3TIWFfeB6FboDvAC7gCEGrw)|  
 []


Overfull \hbox (144.09148pt too wide) in paragraph at lines 338--339
[]|\T1/lmr/m/n/10 (-20) [link](https://photos.google.com/photo/AF1QipNz2OCevwYz
WndOHqhQrEi3UoSPSnfBjasW5eV1)|  
 []


Overfull \hbox (150.31497pt too wide) in paragraph at lines 341--342
[]|\T1/lmr/m/n/10 (-20) [link](https://photos.google.com/photo/AF1QipM0nmtPV92G
DJvVSVIPqjTFFVR9gNg3V4a2gPGi)|  
 []


Overfull \hbox (154.25394pt too wide) in paragraph at lines 342--343
[]|\T1/lmr/m/n/10 (-20) [link](https://photos.google.com/photo/AF1QipNOOCN3B8o9
QmhSGs24xzmGQ5JMl3kdZvIGkAzw)|  
 []


Overfull \hbox (76.18541pt too wide) in paragraph at lines 343--344
[]|\T1/lmr/m/n/10 (-20) [link](https://photos.google.com/photo/AF1QipNXbDdN0FBa
Jb2Dsk43rjDyhLD1I- 
 []


Overfull \hbox (152.92825pt too wide) in paragraph at lines 345--346
[]|\T1/lmr/m/n/10 (-20) [link](https://photos.google.com/photo/AF1QipMmgbaOLFxm
Xrkm0SvNi0BUgL4ckzheCwNEQ8dL)|  
 []


Overfull \hbox (162.88853pt too wide) in paragraph at lines 347--348
[]|\T1/lmr/m/n/10 (-20) [link](https://photos.google.com/photo/AF1QipMtttmTlAxm
n03EbQZALA7hMRHHL54buWGJKTTe)|  
 []


Overfull \hbox (141.62582pt too wide) in paragraph at lines 348--349
[]|\T1/lmr/m/n/10 (-20) [link](https://photos.google.com/photo/AF1QipPbXCPiL_UO
o2tHssgMxlZmkKme8ikJaAe8CsZu)|  
 []


Overfull \hbox (162.01054pt too wide) in paragraph at lines 349--350
[]|\T1/lmr/m/n/10 (-20) [link](https://photos.google.com/photo/AF1QipMMfoMA_V57
WSDN6bvhwNXkjLIZZ4fKNCOgORuz)|  
 []


Overfull \hbox (159.08301pt too wide) in paragraph at lines 350--351
[]|\T1/lmr/m/n/10 (-20) [link](https://photos.google.com/photo/AF1QipNKGlXWgTAe
4dxZT_uENeynFbXHrR229tMyWZ2C)|  
 []


Overfull \hbox (145.85779pt too wide) in paragraph at lines 351--352
[]|\T1/lmr/m/n/10 (-20) [link](https://photos.google.com/photo/AF1QipPCFtnH3DXT
Y47fZGInJDbcN83bLYe2lDAkPhUS)|  
 []


Overfull \hbox (116.87325pt too wide) in paragraph at lines 354--355
[]|\T1/lmr/m/n/10 (-20) [link](https://photos.google.com/photo/AF1QipM_arh51o_l
glgIToypuICc3XKR48M_GR4E- 
 []


Overfull \hbox (149.41649pt too wide) in paragraph at lines 355--356
[]|\T1/lmr/m/n/10 (-20) [link](https://photos.google.com/photo/AF1QipNBsH6c00FU
LNF9HwPwp4OSk3dXugmnvZyz32Ea)|  
 []


Overfull \hbox (136.39848pt too wide) in paragraph at lines 356--357
[]|\T1/lmr/m/n/10 (-20) [link](https://photos.google.com/photo/AF1QipOyt3Qf5LdL
pQ6Co8oUI_yNjiiLX2CHVpnhhvTe)|  
 []


Overfull \hbox (158.18861pt too wide) in paragraph at lines 357--358
[]|\T1/lmr/m/n/10 (-20) [link](https://photos.google.com/photo/AF1QipMuZKsZ6DH_
lvOZG0UGvH9OMWjq9fZ66_sm4_h8)|  
 []


Overfull \hbox (39.55634pt too wide) in paragraph at lines 359--360
[]|\T1/lmr/m/n/10 (-20) [link](https://photos.google.com/photo/AF1QipPgzBZcBP2I
e3ZQGcDpTb- 
 []


Overfull \hbox (140.49048pt too wide) in paragraph at lines 360--361
[]|\T1/lmr/m/n/10 (-20) [link](https://photos.google.com/photo/AF1QipOGy9siaQZ9
kTu9cOmH7o_Sj6uPkxRg06PzYRc8)|  
 []


Overfull \hbox (137.89961pt too wide) in paragraph at lines 361--362
[]|\T1/lmr/m/n/10 (-20) [link](https://photos.google.com/photo/AF1QipM_tieJref8
F4N68eUY8x3rlKVwOkRbgEhAoL4G)|  
 []


Overfull \hbox (165.66786pt too wide) in paragraph at lines 362--363
[]|\T1/lmr/m/n/10 (-20) [link](https://photos.google.com/photo/AF1QipPoRLYfoU7b
XwMqlWPJNEEQT19RXCxAJpXgWC8L)|  
 []


Overfull \hbox (112.35716pt too wide) in paragraph at lines 365--366
[]|\T1/lmr/m/n/10 (-20) [link](https://photos.google.com/photo/AF1QipPcGL0tJG9w
A_WhY2m_swJENx73KXbw- 
 []


Overfull \hbox (82.39717pt too wide) in paragraph at lines 366--367
[]|\T1/lmr/m/n/10 (-20) [link](https://photos.google.com/photo/AF1QipPZaydNP2c2
F4ukLAIOjVexs_IptuV- 
 []


Overfull \hbox (129.95346pt too wide) in paragraph at lines 367--368
[]|\T1/lmr/m/n/10 (-20) [link](https://photos.google.com/photo/AF1QipOmbDh87qPj
N_yq7hF4g0eLclXzCNy68SsJj6jo)|  
 []


Overfull \hbox (146.74939pt too wide) in paragraph at lines 368--369
[]|\T1/lmr/m/n/10 (-20) [link](https://photos.google.com/photo/AF1QipMjYp1oX_oF
k6vS2WlVNFg5576y4pgOPJbL_dbm)|  
 []


Overfull \hbox (143.87267pt too wide) in paragraph at lines 369--370
[]|\T1/lmr/m/n/10 (-20) [link](https://photos.google.com/photo/AF1QipOhiId4LMUV
0Yqmpc0xbeGHnf6oq7Wf9A80KjpQ)|  
 []


Overfull \hbox (152.79837pt too wide) in paragraph at lines 371--372
[]|\T1/lmr/m/n/10 (-20) [link](https://photos.google.com/photo/AF1QipMKAPPjUeZt
GZDtIkmrlWLXkB5iIvDlyChCGKqM)|  
 []


Overfull \hbox (145.65599pt too wide) in paragraph at lines 372--373
[]|\T1/lmr/m/n/10 (-20) [link](https://photos.google.com/photo/AF1QipOOwGH9U3NL
i0lBfRJLBBrQ5YlXWywpvuIe0Bre)|  
 []


Overfull \hbox (34.74814pt too wide) in paragraph at lines 373--374
[]|\T1/lmr/m/n/10 (-20) [link](https://photos.google.com/photo/AF1QipOYixyyrU73
8jHc11EDyiS- 
 []


Overfull \hbox (150.22403pt too wide) in paragraph at lines 374--375
[]|\T1/lmr/m/n/10 (-20) [link](https://photos.google.com/photo/AF1QipP0FRIwdv__
K0Q8AFF68auOAQ1xy2jxRAc_qsH8)|  
 []


Overfull \hbox (160.28693pt too wide) in paragraph at lines 375--376
[]|\T1/lmr/m/n/10 (-20) [link](https://photos.google.com/photo/AF1QipMHNBCq50yV
kOx88hU0OfMVmykEOUgFmUiGNLla)|  
 []


Overfull \hbox (152.65697pt too wide) in paragraph at lines 377--378
[]|\T1/lmr/m/n/10 (-20) [link](https://photos.google.com/photo/AF1QipMVvZ4jS8zR
ZndR8mTixWAO4cIp5wTTJZVV8dGL)|  
 []


Overfull \hbox (56.90631pt too wide) in paragraph at lines 379--380
[]|\T1/lmr/m/n/10 (-20) [link](https://photos.google.com/photo/AF1QipPNHpXulPep
5jEDD49q4luxcA- 
 []


Overfull \hbox (130.85182pt too wide) in paragraph at lines 380--381
[]|\T1/lmr/m/n/10 (-20) [link](https://photos.google.com/photo/AF1QipO35Viad2Ys
asNawEQxFWcsU3kjET1vjxzOtbIf)|  
 []


Overfull \hbox (78.36272pt too wide) in paragraph at lines 381--382
[]|\T1/lmr/m/n/10 (-20) [link](https://photos.google.com/photo/AF1QipOhi6aludZX
ExGcsGUdExkSqDrgiw- 
 []


Overfull \hbox (69.56444pt too wide) in paragraph at lines 383--384
[]|\T1/lmr/m/n/10 (-20) [link](https://photos.google.com/photo/AF1QipMCqDiZnU24
7aluw9E6NY61NK4- 
 []


Overfull \hbox (101.63837pt too wide) in paragraph at lines 384--385
[]|\T1/lmr/m/n/10 (-20) [link](https://photos.google.com/photo/AF1QipP6fSGlTnbe
Fo2ZnwD0sz281BHg2yH3BgI- 
 []


Overfull \hbox (16.2693pt too wide) in paragraph at lines 386--387
[]|\T1/lmr/m/n/10 (-20) [link](https://photos.google.com/photo/AF1QipO9TD_qLip_
Ogo7sg- 
 []


Overfull \hbox (148.75891pt too wide) in paragraph at lines 387--388
[]|\T1/lmr/m/n/10 (-20) [link](https://photos.google.com/photo/AF1QipNjKP7_Xfj8
NSIYdpzTsRXzUGIlYuPpO_wWiApV)|  
 []


Overfull \hbox (82.40758pt too wide) in paragraph at lines 389--390
[]|\T1/lmr/m/n/10 (-20) [link](https://photos.google.com/photo/AF1QipN1hYwDyII8
PuqHhsJdSzjSlk73gWB- 
 []


Overfull \hbox (149.32446pt too wide) in paragraph at lines 391--392
[]|\T1/lmr/m/n/10 (-20) [link](https://photos.google.com/photo/AF1QipPvfd_LOEgU
Fsk7Db_s2ajjQnjUBMFTfyomUHVX)|  
 []


Overfull \hbox (140.65068pt too wide) in paragraph at lines 392--393
[]|\T1/lmr/m/n/10 (-20) [link](https://photos.google.com/photo/AF1QipMTktaJh1zz
7ufA1qBwnam8wEl2PEEz1t4ymwKq)|  
 []


Overfull \hbox (37.09106pt too wide) in paragraph at lines 396--397
[]|\T1/lmr/m/n/10 (-20) [link](https://photos.google.com/photo/AF1QipPwf_inyeA1
YFGN2DF2D- 
 []


Overfull \hbox (160.95288pt too wide) in paragraph at lines 397--398
[]|\T1/lmr/m/n/10 (-20) [link](https://photos.google.com/photo/AF1QipPXIK_oMEpL
H01p_uaZv5BeN1sCXxAWPWazcSmH)|  
 []


Overfull \hbox (137.20453pt too wide) in paragraph at lines 398--399
[]|\T1/lmr/m/n/10 (-20) [link](https://photos.google.com/photo/AF1QipMjr0zkMN3C
6rhCptXpbJCyPTzisYIeLRuIW5Ze)|  
 []


Overfull \hbox (39.60399pt too wide) in paragraph at lines 399--400
[]|\T1/lmr/m/n/10 (-20) [link](https://photos.google.com/photo/AF1QipODqIj1R1FQ
nUFetj8K8fm- 
 []


Overfull \hbox (140.2356pt too wide) in paragraph at lines 401--402
[]|\T1/lmr/m/n/10 (-20) [link](https://photos.google.com/photo/AF1QipNutMz6x9EH
Hg0SOGUjOgfNsk2UQfUF54zoiPjB)|  
 []


Overfull \hbox (139.39282pt too wide) in paragraph at lines 402--403
[]|\T1/lmr/m/n/10 (-20) [link](https://photos.google.com/photo/AF1QipOXBKy4HKSH
41blAR31ogLVuSgxvSR0oeBnlg0c)|  
 []


Overfull \hbox (70.11511pt too wide) in paragraph at lines 403--404
[]|\T1/lmr/m/n/10 (-20) [link](https://photos.google.com/photo/AF1QipOBvISO95_N
dUcO4zoMF5FBhN- 
 []


Overfull \hbox (145.60011pt too wide) in paragraph at lines 404--405
[]|\T1/lmr/m/n/10 (-20) [link](https://photos.google.com/photo/AF1QipNtThR7Tg7z
DnWWEFNUmuMy0wIgaS4YHf2JmV- 
 []


Overfull \hbox (11.2551pt too wide) in paragraph at lines 405--406
[]|\T1/lmr/m/n/10 (-20) [link](https://photos.google.com/photo/AF1QipOXFRrpNydE
4sJqL- 
 []


Overfull \hbox (149.88844pt too wide) in paragraph at lines 407--408
[]|\T1/lmr/m/n/10 (-20) [link](https://photos.google.com/photo/AF1QipMtsN1N2uSt
2Y8GZPIblAO5y5WYM89ebyiONN8m)|  
 []


Overfull \hbox (153.21684pt too wide) in paragraph at lines 408--409
[]|\T1/lmr/m/n/10 (-20) [link](https://photos.google.com/photo/AF1QipOhbLaP3VEr
LZjUrRAPJB88YLxSAUVQF0OZfK6S)|  
 []


Overfull \hbox (90.52026pt too wide) in paragraph at lines 409--410
[]|\T1/lmr/m/n/10 (-20) [link](https://photos.google.com/photo/AF1QipOffPVLu1Bl
j7nAKglNIxHagkvaAfkFV- 
 []


Overfull \hbox (159.5407pt too wide) in paragraph at lines 410--411
[]|\T1/lmr/m/n/10 (-20) [link](https://photos.google.com/photo/AF1QipPFGiYS1UOo
XtNZDMdABpmr47Y0AySWqcDrtTLA)|  
 []


Overfull \hbox (149.83003pt too wide) in paragraph at lines 413--414
[]|\T1/lmr/m/n/10 (-20) [link](https://photos.google.com/photo/AF1QipMdsWNaFmEi
JdFFLCVy5zPwi7wuYsaEwaNJx_xg)|  
 []


Overfull \hbox (161.46985pt too wide) in paragraph at lines 415--416
[]|\T1/lmr/m/n/10 (-20) [link](https://photos.google.com/photo/AF1QipORwmQac0dL
GH9RmcwCjKJRGLlKR21KMzdpJNfA)|  
 []


Overfull \hbox (10.68776pt too wide) in paragraph at lines 416--417
[]|\T1/lmr/m/n/10 (-20) [link](https://photos.google.com/photo/AF1QipNQCvplHTVT
9wsP- 
 []


Overfull \hbox (129.71619pt too wide) in paragraph at lines 417--418
[]|\T1/lmr/m/n/10 (-20) [link](https://photos.google.com/photo/AF1QipOox1SoqYLW
zcs5iucJJf9t8GXLeUAI5LeXd4S3)|  
 []


Overfull \hbox (148.87839pt too wide) in paragraph at lines 419--420
[]|\T1/lmr/m/n/10 (-20) [link](https://photos.google.com/photo/AF1QipMQkN9hznsw
v5WH7l42o9RblHZT_wnoIOex7W9E)|  
 []


Overfull \hbox (139.29727pt too wide) in paragraph at lines 420--421
[]|\T1/lmr/m/n/10 (-20) [link](https://photos.google.com/photo/AF1QipPgL4YS7cqK
tixv0UeOHoHVDeb8JIj3Ob8e9MUh)|  
 []


Overfull \hbox (131.1861pt too wide) in paragraph at lines 421--422
[]|\T1/lmr/m/n/10 (-20) [link](https://photos.google.com/photo/AF1QipNqclyCFldg
57zzBlQhJGld9pKYvTP1yw69pquo)|  
 []


Overfull \hbox (146.65689pt too wide) in paragraph at lines 422--423
[]|\T1/lmr/m/n/10 (-20) [link](https://photos.google.com/photo/AF1QipNOyw2OfXbj
5zAYClHokoWMrgeNzh0pteaXRK4B)|  
 []


Overfull \hbox (133.98659pt too wide) in paragraph at lines 423--424
[]|\T1/lmr/m/n/10 (-20) [link](https://photos.google.com/photo/AF1QipNmESR0j360
h8ljbptnqh8YlVhKyyiVXSCdb9ES)|  
 []


Overfull \hbox (144.9679pt too wide) in paragraph at lines 425--426
[]|\T1/lmr/m/n/10 (-20) [link](https://photos.google.com/photo/AF1QipNRhFu9MNUL
ElKpsIfVSsUm8lKR08wflfB0MoAR)|  
 []


Overfull \hbox (153.9052pt too wide) in paragraph at lines 426--427
[]|\T1/lmr/m/n/10 (-20) [link](https://photos.google.com/photo/AF1QipMYINfiXX0N
6EGjA9EjtfTJzVAbnR_eMPU0oWXw)|  
 []


Overfull \hbox (135.2072pt too wide) in paragraph at lines 427--428
[]|\T1/lmr/m/n/10 (-20) [link](https://photos.google.com/photo/AF1QipM9H5jOxAWp
WxAwigk9XTkilsxbaLn0ztyZueJ0)|  
 []


Overfull \hbox (151.01181pt too wide) in paragraph at lines 428--429
[]|\T1/lmr/m/n/10 (-20) [link](https://photos.google.com/photo/AF1QipOMU6ETU0op
oyANNRjfYeXrWt_1Sh_f3CIaSeXV)|  
 []


Overfull \hbox (150.03487pt too wide) in paragraph at lines 429--430
[]|\T1/lmr/m/n/10 (-20) [link](https://photos.google.com/photo/AF1QipMs6i0epVXV
hJ3s7RH2TtDsMa1RZ9GXpArIYNEY)|  
 []


Overfull \hbox (64.96521pt too wide) in paragraph at lines 431--432
[]|\T1/lmr/m/n/10 (-20) [link](https://photos.google.com/photo/AF1QipMiAgy9Deru
xDuUMSPyfz1Rv41- 
 []


Overfull \hbox (145.35802pt too wide) in paragraph at lines 432--433
[]|\T1/lmr/m/n/10 (-20) [link](https://photos.google.com/photo/AF1QipO5qwGp0qKT
ids9JsVrn6IrxtDSVOKLzbXmCW54)|  
 []


Overfull \hbox (155.7413pt too wide) in paragraph at lines 433--434
[]|\T1/lmr/m/n/10 (-20) [link](https://photos.google.com/photo/AF1QipNaGmQ1dRQR
vGVkDi97vnEIvugTTjTYEt2Rwwuw)|  
 []


Overfull \hbox (41.05405pt too wide) in paragraph at lines 434--435
[]|\T1/lmr/m/n/10 (-20) [link](https://photos.google.com/photo/AF1QipN_SGBbD0Cl
d25gDuUcJ8- 
 []


Overfull \hbox (166.03975pt too wide) in paragraph at lines 435--436
[]|\T1/lmr/m/n/10 (-20) [link](https://photos.google.com/photo/AF1QipM0ZOHTiA09
HTPs54CGlHWY9DRmXVnWcbypHT5L)|  
 []


Overfull \hbox (151.60213pt too wide) in paragraph at lines 437--438
[]|\T1/lmr/m/n/10 (-20) [link](https://photos.google.com/photo/AF1QipMylKDKtaRQ
Qz9IB7f4VqBVGh1mXdd5mjBvpDn6)|  
 []


Overfull \hbox (134.22063pt too wide) in paragraph at lines 439--440
[]|\T1/lmr/m/n/10 (-20) [link](https://photos.google.com/photo/AF1QipNXjN4xMqhp
RC3CSBYou1u2IoQh58Fvuc2iIex5)|  
 []


Overfull \hbox (145.50328pt too wide) in paragraph at lines 440--441
[]|\T1/lmr/m/n/10 (-20) [link](https://photos.google.com/photo/AF1QipOg60mcmU2v
ENIIaC6NJNMQNxDY80wPLXVeLp- 
 []


Overfull \hbox (133.50356pt too wide) in paragraph at lines 443--444
[]|\T1/lmr/m/n/10 (-20) [link](https://photos.google.com/photo/AF1QipPlU6vrHDqt
6si6NO24gc_bv2xnpIUuO1499PWc)|  
 []


Overfull \hbox (148.01141pt too wide) in paragraph at lines 444--445
[]|\T1/lmr/m/n/10 (-20) [link](https://photos.google.com/photo/AF1QipN55zyLHbm0
mVjrJ9u8JZ3BKSf4x_QWQybmTSIy)|  
 []


Overfull \hbox (132.74997pt too wide) in paragraph at lines 445--446
[]|\T1/lmr/m/n/10 (-20) [link](https://photos.google.com/photo/AF1QipO7fS5iSRiE
5RYOoRoY2fRmepEHCwgjcI1cKifS)|  
 []


Overfull \hbox (137.83162pt too wide) in paragraph at lines 449--450
[]|\T1/lmr/m/n/10 (-20) [link](https://photos.google.com/photo/AF1QipMBl83LcYzD
0PzYinKst_waPYjSQFivTkqlQ5P3)|  
 []


Overfull \hbox (156.68796pt too wide) in paragraph at lines 450--451
[]|\T1/lmr/m/n/10 (-20) [link](https://photos.google.com/photo/AF1QipOI_GhCKP6O
_K2RuiCNbcll0qwK_1VcUpONDsKb)|  
 []


Overfull \hbox (32.88608pt too wide) in paragraph at lines 451--452
[]|\T1/lmr/m/n/10 (-20) [link](https://photos.google.com/photo/AF1QipP6VgBlbI8r
9nmvGanw3d- 
 []


Overfull \hbox (23.64244pt too wide) in paragraph at lines 453--454
[]|\T1/lmr/m/n/10 (-20) [link](https://photos.google.com/photo/AF1QipNr9h3ZazE6
mPkGaAY- 
 []


Overfull \hbox (163.32425pt too wide) in paragraph at lines 457--458
[]|\T1/lmr/m/n/10 (-20) [link](https://photos.google.com/photo/AF1QipNl9VBwWG_A
rLIQxgJVYLgP3bPZ0hZ_kYuWJMPS)|  
 []


Overfull \hbox (144.30429pt too wide) in paragraph at lines 458--459
[]|\T1/lmr/m/n/10 (-20) [link](https://photos.google.com/photo/AF1QipPnHNKm4c3P
stC_vIoPnQ5CC57Agq0sR4eNhgx7)|  
 []


Overfull \hbox (103.20029pt too wide) in paragraph at lines 459--460
[]|\T1/lmr/m/n/10 (-20) [link](https://photos.google.com/photo/AF1QipM7eOiSYmJi
aCqFcCebtYOag_5rmSXvR- 
 []


Overfull \hbox (140.06302pt too wide) in paragraph at lines 461--462
[]|\T1/lmr/m/n/10 (-20) [link](https://photos.google.com/photo/AF1QipODq5bucjXv
DdTeqlv0HxiLDCSd1klkETKpRYTa)|  
 []


Overfull \hbox (126.77408pt too wide) in paragraph at lines 462--463
[]|\T1/lmr/m/n/10 (-20) [link](https://photos.google.com/photo/AF1QipPllKEnnJ31
XLu3OlgK9gpX37nTM64lz6iO4elt)|  
 []


Overfull \hbox (142.80197pt too wide) in paragraph at lines 464--465
[]|\T1/lmr/m/n/10 (-20) [link](https://photos.google.com/photo/AF1QipMiSEu87DwL
3_QzKUds0lsBfXxU_EvfjJnBKw8k)|  
 []


Overfull \hbox (139.4257pt too wide) in paragraph at lines 465--466
[]|\T1/lmr/m/n/10 (-20) [link](https://photos.google.com/photo/AF1QipPHBabHNn6B
PT6lpFka3qeItzx2XQp8wXNVIll_)|  
 []


Overfull \hbox (152.99033pt too wide) in paragraph at lines 467--468
[]|\T1/lmr/m/n/10 (-20) [link](https://photos.google.com/photo/AF1QipNzITzBvS7r
GQNuepoNNAKDZhgK2uXb4wZ9V61U)|  
 []


Overfull \hbox (80.36905pt too wide) in paragraph at lines 468--469
[]|\T1/lmr/m/n/10 (-20) [link](https://photos.google.com/photo/AF1QipNk1nPMd4PP
V2FyUq0XGx1TP7ab- 
 []


Overfull \hbox (133.35307pt too wide) in paragraph at lines 469--470
[]|\T1/lmr/m/n/10 (-20) [link](https://photos.google.com/photo/AF1QipNUYtN29ct0
XxZa9nowLaWp0edvx1iGJie3Pc9E)|  
 []


Overfull \hbox (132.98949pt too wide) in paragraph at lines 470--471
[]|\T1/lmr/m/n/10 (-20) [link](https://photos.google.com/photo/AF1QipMTutROw6k7
t2uaa9rgJVaCnVFB56wy5vj89jTv)|  
 []


Overfull \hbox (139.65482pt too wide) in paragraph at lines 473--474
[]|\T1/lmr/m/n/10 (-20) [link](https://photos.google.com/photo/AF1QipOVqKVzlars
oFZlzC6bbUghT9XJCtU_U7JRrcoH)|  
 []


Overfull \hbox (155.43732pt too wide) in paragraph at lines 474--475
[]|\T1/lmr/m/n/10 (-20) [link](https://photos.google.com/photo/AF1QipNpAVI_lpKU
TWX21I_Vg38OEdhRbJSJBxcaFpWP)|  
 []


Overfull \hbox (61.83849pt too wide) in paragraph at lines 476--477
[]|\T1/lmr/m/n/10 (-20) [link](https://photos.google.com/photo/AF1QipMzPpElmO2D
UnIRpr1oNP3h8f- 
 []


Overfull \hbox (161.19554pt too wide) in paragraph at lines 477--478
[]|\T1/lmr/m/n/10 (-20) [link](https://photos.google.com/photo/AF1QipOg26c308as
gGhlkCXipmDfmKHn9mmUAPWKUMK9)|  
 []


Overfull \hbox (143.79675pt too wide) in paragraph at lines 479--480
[]|\T1/lmr/m/n/10 (-20) [link](https://photos.google.com/photo/AF1QipPNQ_RsEaWK
lniKWF_r_l5pwGH5X7giT4OsYA- 
 []


Overfull \hbox (5.4558pt too wide) in paragraph at lines 480--481
[]|\T1/lmr/m/n/10 (-20) [link](https://photos.google.com/photo/AF1QipNM5bw6B79n
xfpX- 
 []


Overfull \hbox (120.6802pt too wide) in paragraph at lines 481--482
[]|\T1/lmr/m/n/10 (-20) [link](https://photos.google.com/photo/AF1QipMH7z_Fi2BH
ogNvKyPz71GDimP2oQ6AaV3- 
 []


Overfull \hbox (145.75243pt too wide) in paragraph at lines 482--483
[]|\T1/lmr/m/n/10 (-20) [link](https://photos.google.com/photo/AF1QipM5yVmmJlYf
HeIFDDKopNwfes2l3YTKlkNC5ErU)|  
 []


Overfull \hbox (136.52661pt too wide) in paragraph at lines 483--484
[]|\T1/lmr/m/n/10 (-20) [link](https://photos.google.com/photo/AF1QipMDG8Wa1nyc
myUoibwT9z9zY_5ceSii_Kb05I5s)|  
 []


Overfull \hbox (84.95064pt too wide) in paragraph at lines 485--486
[]|\T1/lmr/m/n/10 (-20) [link](https://photos.google.com/photo/AF1QipOvkJXzmMXZ
t3INKffYbTiw_Z77W- 
 []


Overfull \hbox (120.8456pt too wide) in paragraph at lines 488--489
[]|\T1/lmr/m/n/10 (-20) [link](https://photos.google.com/photo/AF1QipOjBvYqcloQ
xz9kWicmWQcUMS1wBEAnC21- 
 []


Overfull \hbox (146.98041pt too wide) in paragraph at lines 489--490
[]|\T1/lmr/m/n/10 (-20) [link](https://photos.google.com/photo/AF1QipNCwG0OWVZI
lT8dgQMjWfCVSFiI4LFI3dni9vJO)|  
 []


Overfull \hbox (136.22086pt too wide) in paragraph at lines 491--492
[]|\T1/lmr/m/n/10 (-20) [link](https://photos.google.com/photo/AF1QipNcaMAh5xhd
uE7F9s12tsarFB8ksb8jOLqQH9Db)|  
 []


Overfull \hbox (130.43808pt too wide) in paragraph at lines 492--493
[]|\T1/lmr/m/n/10 (-20) [link](https://photos.google.com/photo/AF1QipPCrt8DHUVh
OVLUDCyWzmKMUyxsGY2gcF-- 
 []


Overfull \hbox (7.19772pt too wide) in paragraph at lines 493--494
[]|\T1/lmr/m/n/10 (-20) [link](https://photos.google.com/photo/AF1QipPWoWnfHqig
nAB6- 
 []


Overfull \hbox (150.66077pt too wide) in paragraph at lines 494--495
[]|\T1/lmr/m/n/10 (-20) [link](https://photos.google.com/photo/AF1QipMHrWZigpME
AX4SGodiJ9nXLUQ7kYo6i_CIWzIu)|  
 []


Overfull \hbox (75.3324pt too wide) in paragraph at lines 495--496
[]|\T1/lmr/m/n/10 (-20) [link](https://photos.google.com/photo/AF1QipPXcWUT3CVo
GviVRuWiKHvwzS- 
 []


Overfull \hbox (143.98763pt too wide) in paragraph at lines 497--498
[]|\T1/lmr/m/n/10 (-20) [link](https://photos.google.com/photo/AF1QipOfUhqggasZ
JTc_8Nr_1J_94CP6b9mTDBLa61cU)|  
 []


Overfull \hbox (161.61337pt too wide) in paragraph at lines 498--499
[]|\T1/lmr/m/n/10 (-20) [link](https://photos.google.com/photo/AF1QipMCOY69xEZE
Jee738SyKamev_uMVlEVWNzvPCwD)|  
 []


Overfull \hbox (144.96562pt too wide) in paragraph at lines 499--500
[]|\T1/lmr/m/n/10 (-20) [link](https://photos.google.com/photo/AF1QipN8rUpK7WNq
eA1syIbAGuluhErUbFZswBBdK7vl)|  
 []


Overfull \hbox (101.61288pt too wide) in paragraph at lines 501--502
[]|\T1/lmr/m/n/10 (-20) [link](https://photos.google.com/photo/AF1QipORGdRtRxPW
N_8BS9g0u_uMKipY5pl- 
 []


Overfull \hbox (158.03865pt too wide) in paragraph at lines 505--506
[]|\T1/lmr/m/n/10 (-20) [link](https://photos.google.com/photo/AF1QipNDrGF6HVSk
fwW6rQAOezOYcu__o6Rc1k9U4UA_)|  
 []


Overfull \hbox (119.2775pt too wide) in paragraph at lines 507--508
[]|\T1/lmr/m/n/10 (-20) [link](https://photos.google.com/photo/AF1QipPl0BEsWOeX
9v5l1Tp3bUN34htUhBgkvzyEy- 
 []


Overfull \hbox (166.64812pt too wide) in paragraph at lines 509--510
[]|\T1/lmr/m/n/10 (-20) [link](https://photos.google.com/photo/AF1QipMWZoZMGC2U
SJrAWYwAGp1ixQVKuY0xEWrlSp9O)|  
 []


Overfull \hbox (139.00099pt too wide) in paragraph at lines 511--512
[]|\T1/lmr/m/n/10 (-20) [link](https://photos.google.com/photo/AF1QipPlT_hjoxFP
3qY_a5ZEZVcqh4bhEt15SPd7nUcV)|  
 []


Overfull \hbox (141.525pt too wide) in paragraph at lines 512--513
[]|\T1/lmr/m/n/10 (-20) [link](https://photos.google.com/photo/AF1QipOz5uNAJR_l
tNZ1CwYAgC0JQYh8Jxzk4xiGdni0)|  
 []


Overfull \hbox (114.8558pt too wide) in paragraph at lines 515--516
[]|\T1/lmr/m/n/10 (-20) [link](https://photos.google.com/photo/AF1QipPOmEPomkyv
IYbEkBSPymSFoghMyN3AT- 
 []


Overfull \hbox (25.76959pt too wide) in paragraph at lines 516--517
[]|\T1/lmr/m/n/10 (-20) [link](https://photos.google.com/photo/AF1QipOihEIj0MF7
rVh9VhEE- 
 []


Overfull \hbox (143.27065pt too wide) in paragraph at lines 517--518
[]|\T1/lmr/m/n/10 (-20) [link](https://photos.google.com/photo/AF1QipO5jtH1O0ER
qPCS7on2e3At7OUQymSzTvDXsFtt)|  
 []


Overfull \hbox (145.99971pt too wide) in paragraph at lines 518--519
[]|\T1/lmr/m/n/10 (-20) [link](https://photos.google.com/photo/AF1QipMdZ2EjTj32
OzYswts7NkgFJarbYXVmk4GJCVYZ)|  
 []


Overfull \hbox (130.11217pt too wide) in paragraph at lines 519--520
[]|\T1/lmr/m/n/10 (-20) [link](https://photos.google.com/photo/AF1QipNehuxGoiRX
4gOX0ODTZ3FH8KAEOPGVvDo- 
 []


Overfull \hbox (149.61876pt too wide) in paragraph at lines 521--522
[]|\T1/lmr/m/n/10 (-20) [link](https://photos.google.com/photo/AF1QipPcQQVbSSZ3
pl10TAa_7gFXa85M4OZ6k48_VtXO)|  
 []


Overfull \hbox (152.28427pt too wide) in paragraph at lines 522--523
[]|\T1/lmr/m/n/10 (-20) [link](https://photos.google.com/photo/AF1QipM1WbzEAkvo
XdGB9KiM08QdzwpKJ46VC9nN6ktt)|  
 []


Overfull \hbox (150.07082pt too wide) in paragraph at lines 523--524
[]|\T1/lmr/m/n/10 (-20) [link](https://photos.google.com/photo/AF1QipNjNxp8BcYD
uIQbCghxtUEOUkQL3AcGkyr83VqG)|  
 []


Overfull \hbox (130.35344pt too wide) in paragraph at lines 524--525
[]|\T1/lmr/m/n/10 (-20) [link](https://photos.google.com/photo/AF1QipNrGC5M4JSr
l5YYIMdztCzn7sonEqI8xLgz_zui)|  
 []


Overfull \hbox (153.0479pt too wide) in paragraph at lines 527--528
[]|\T1/lmr/m/n/10 (-20) [link](https://photos.google.com/photo/AF1QipPCbb2_XI1x
WOlWHaBaLd0200PYmkrKFw_9k7ed)|  
 []


Overfull \hbox (144.26971pt too wide) in paragraph at lines 528--529
[]|\T1/lmr/m/n/10 (-20) [link](https://photos.google.com/photo/AF1QipMMc5gaQE2E
1pc9RlauZbhCP29oFZMqRaSGthzc)|  
 []


Overfull \hbox (139.20485pt too wide) in paragraph at lines 530--531
[]|\T1/lmr/m/n/10 (-20) [link](https://photos.google.com/photo/AF1QipPjxOgfO51V
zbt2o9L8NqeZC4VUGIb61AACLm6l)|  
 []


Overfull \hbox (157.84125pt too wide) in paragraph at lines 531--532
[]|\T1/lmr/m/n/10 (-20) [link](https://photos.google.com/photo/AF1QipMYjrXNhzGS
jInjO_3VotAWeCNR30WCIpFKUTWx)|  
 []


Overfull \hbox (138.20695pt too wide) in paragraph at lines 533--534
[]|\T1/lmr/m/n/10 (-20) [link](https://photos.google.com/photo/AF1QipNeYZuizJDn
_bqfq4LZg3rHFzza2hVDftxOCBYK)|  
 []


Overfull \hbox (143.74666pt too wide) in paragraph at lines 534--535
[]|\T1/lmr/m/n/10 (-20) [link](https://photos.google.com/photo/AF1QipMLDMJGR7dS
KghJw4cUTNMaBJfjfJJNddjSlJZr)|  
 []


Overfull \hbox (62.51306pt too wide) in paragraph at lines 535--536
[]|\T1/lmr/m/n/10 (-20) [link](https://photos.google.com/photo/AF1QipORNT522gps
v0BTYFmgUXkFa- 
 []


Overfull \hbox (95.085pt too wide) in paragraph at lines 537--538
[]|\T1/lmr/m/n/10 (-20) [link](https://photos.google.com/photo/AF1QipPh0TmC0mjy
Ppp8_yWf0QGDqWQgzj- 
 []


Overfull \hbox (81.90654pt too wide) in paragraph at lines 539--540
[]|\T1/lmr/m/n/10 (-20) [link](https://photos.google.com/photo/AF1QipOqR4wwVrPO
wZ9urjDXAstSPNUK- 
 []


Overfull \hbox (151.15327pt too wide) in paragraph at lines 540--541
[]|\T1/lmr/m/n/10 (-20) [link](https://photos.google.com/photo/AF1QipMTdDRHPc36
a3ZSeL9yrULTfdUrqh9HNv_AUHQz)|  
 []


Overfull \hbox (140.43301pt too wide) in paragraph at lines 541--542
[]|\T1/lmr/m/n/10 (-20) [link](https://photos.google.com/photo/AF1QipP_r2J1qMB4
wjJ4DFNammtge8_IPj5Agl_rSIDH)|  
 []


Overfull \hbox (61.233pt too wide) in paragraph at lines 542--543
[]|\T1/lmr/m/n/10 (-20) [link](https://photos.google.com/photo/AF1QipPLTNwq2ZFw
7HmlVDaEfV7h5- 
 []


Overfull \hbox (146.57027pt too wide) in paragraph at lines 543--544
[]|\T1/lmr/m/n/10 (-20) [link](https://photos.google.com/photo/AF1QipOknz7m6Agp
6IcOaiRDsRxHeKqSXu2eUocMB1L_)|  
 []


Overfull \hbox (111.22006pt too wide) in paragraph at lines 548--549
[]|\T1/lmr/m/n/10 (-20) [link](https://photos.google.com/photo/AF1QipNxbYIXlaT_
4LucEt9EtSY0Ow4xnMmNJ8- 
 []


Overfull \hbox (30.17198pt too wide) in paragraph at lines 549--550
[]|\T1/lmr/m/n/10 (-20) [link](https://photos.google.com/photo/AF1QipNfoqZxZlJS
J8OG0ykgg9- 
 []


Overfull \hbox (54.07391pt too wide) in alignment at lines 334--553
 [] [] [] [] 
 []

File: SCEG_logo1.jpg Graphic file (type jpg)
<use SCEG_logo1.jpg>
Package pdftex.def Info: SCEG_logo1.jpg  used on input line 553.
(pdftex.def)             Requested size: 113.81049pt x 36.873pt.

Package fancyhdr Warning: \headheight is too small (12.0pt): 
(fancyhdr)                Make it at least 40.47304pt, for example:
(fancyhdr)                \setlength{\headheight}{40.47304pt}.
(fancyhdr)                You might also make \topmargin smaller to compensate:

(fancyhdr)                \addtolength{\topmargin}{-28.47304pt}.

[18]
File: SCEG_logo1.jpg Graphic file (type jpg)
<use SCEG_logo1.jpg>
Package pdftex.def Info: SCEG_logo1.jpg  used on input line 553.
(pdftex.def)             Requested size: 113.81049pt x 36.873pt.

Package fancyhdr Warning: \headheight is too small (12.0pt): 
(fancyhdr)                Make it at least 40.47304pt, for example:
(fancyhdr)                \setlength{\headheight}{40.47304pt}.
(fancyhdr)                You might also make \topmargin smaller to compensate:

(fancyhdr)                \addtolength{\topmargin}{-28.47304pt}.

[19]
File: SCEG_logo1.jpg Graphic file (type jpg)
<use SCEG_logo1.jpg>
Package pdftex.def Info: SCEG_logo1.jpg  used on input line 553.
(pdftex.def)             Requested size: 113.81049pt x 36.873pt.

Package fancyhdr Warning: \headheight is too small (12.0pt): 
(fancyhdr)                Make it at least 40.47304pt, for example:
(fancyhdr)                \setlength{\headheight}{40.47304pt}.
(fancyhdr)                You might also make \topmargin smaller to compensate:

(fancyhdr)                \addtolength{\topmargin}{-28.47304pt}.

[20]
File: SCEG_logo1.jpg Graphic file (type jpg)
<use SCEG_logo1.jpg>
Package pdftex.def Info: SCEG_logo1.jpg  used on input line 553.
(pdftex.def)             Requested size: 113.81049pt x 36.873pt.

Package fancyhdr Warning: \headheight is too small (12.0pt): 
(fancyhdr)                Make it at least 40.47304pt, for example:
(fancyhdr)                \setlength{\headheight}{40.47304pt}.
(fancyhdr)                You might also make \topmargin smaller to compensate:

(fancyhdr)                \addtolength{\topmargin}{-28.47304pt}.

[21]
File: SCEG_logo1.jpg Graphic file (type jpg)
<use SCEG_logo1.jpg>
Package pdftex.def Info: SCEG_logo1.jpg  used on input line 553.
(pdftex.def)             Requested size: 113.81049pt x 36.873pt.

Package fancyhdr Warning: \headheight is too small (12.0pt): 
(fancyhdr)                Make it at least 40.47304pt, for example:
(fancyhdr)                \setlength{\headheight}{40.47304pt}.
(fancyhdr)                You might also make \topmargin smaller to compensate:

(fancyhdr)                \addtolength{\topmargin}{-28.47304pt}.

[22]
File: SCEG_logo1.jpg Graphic file (type jpg)
<use SCEG_logo1.jpg>
Package pdftex.def Info: SCEG_logo1.jpg  used on input line 553.
(pdftex.def)             Requested size: 113.81049pt x 36.873pt.

Package fancyhdr Warning: \headheight is too small (12.0pt): 
(fancyhdr)                Make it at least 40.47304pt, for example:
(fancyhdr)                \setlength{\headheight}{40.47304pt}.
(fancyhdr)                You might also make \topmargin smaller to compensate:

(fancyhdr)                \addtolength{\topmargin}{-28.47304pt}.

[23]
File: SCEG_logo1.jpg Graphic file (type jpg)
<use SCEG_logo1.jpg>
Package pdftex.def Info: SCEG_logo1.jpg  used on input line 555.
(pdftex.def)             Requested size: 113.81049pt x 36.873pt.

Package fancyhdr Warning: \headheight is too small (12.0pt): 
(fancyhdr)                Make it at least 40.47304pt, for example:
(fancyhdr)                \setlength{\headheight}{40.47304pt}.
(fancyhdr)                You might also make \topmargin smaller to compensate:

(fancyhdr)                \addtolength{\topmargin}{-28.47304pt}.

[24] (./Report.aux) ) 
Here is how much of TeX's memory you used:
 15673 strings out of 476025
 254352 string characters out of 5790017
 2015388 words of memory out of 5000000
 35708 multiletter control sequences out of 15000+600000
 550867 words of font info for 91 fonts, out of 8000000 for 9000
 1141 hyphenation exceptions out of 8191
 77i,15n,81p,1003b,554s stack positions out of 10000i,1000n,20000p,200000b,200000s
</usr/local/texlive/2023/texmf-dist/fonts/type1/public/lm/
lmbx10.pfb></usr/local/texlive/2023/texmf-dist/fonts/type1/public/lm/lmbx12.pfb
></usr/local/texlive/2023/texmf-dist/fonts/type1/public/lm/lmr10.pfb></usr/loca
l/texlive/2023/texmf-dist/fonts/type1/public/lm/lmr12.pfb></usr/local/texlive/2
023/texmf-dist/fonts/type1/public/lm/lmri10.pfb></usr/local/texlive/2023/texmf-
dist/fonts/type1/public/lm/lmtt10.pfb>
Output written on Report.pdf (24 pages, 29638695 bytes).
PDF statistics:
 276 PDF objects out of 1000 (max. 8388607)
 210 compressed objects within 3 object streams
 46 named destinations out of 1000 (max. 500000)
 20751 words of extra memory for PDF output out of 24883 (max. 10000000)

